{"D:\\MUN\\Semester 03\\My Project\\inventory-system\\middleware\\auth.js": {"path":"D:\\MUN\\Semester 03\\My Project\\inventory-system\\middleware\\auth.js","statementMap":{"0":{"start":{"line":1,"column":0},"end":{"line":8,"column":2}},"1":{"start":{"line":3,"column":4},"end":{"line":4,"column":15}},"2":{"start":{"line":3,"column":33},"end":{"line":3,"column":61}},"3":{"start":{"line":4,"column":1},"end":{"line":4,"column":14}},"4":{"start":{"line":5,"column":4},"end":{"line":5,"column":45}},"5":{"start":{"line":6,"column":4},"end":{"line":6,"column":27}}},"fnMap":{"0":{"name":"(anonymous_0)","decl":{"start":{"line":2,"column":19},"end":{"line":2,"column":20}},"loc":{"start":{"line":2,"column":39},"end":{"line":7,"column":3}},"line":2}},"branchMap":{"0":{"loc":{"start":{"line":3,"column":4},"end":{"line":4,"column":15}},"type":"if","locations":[{"start":{"line":3,"column":4},"end":{"line":4,"column":15}},{"start":{},"end":{}}],"line":3}},"s":{"0":1,"1":0,"2":0,"3":0,"4":0,"5":0},"f":{"0":0},"b":{"0":[0,0]},"_coverageSchema":"1a1c01bbd47fc00a2c39e90264f33305004495a9","hash":"7be25de53aba3d6bc5ad4b569c74fe6a1c921f20"}
,"D:\\MUN\\Semester 03\\My Project\\inventory-system\\models\\Customer.js": {"path":"D:\\MUN\\Semester 03\\My Project\\inventory-system\\models\\Customer.js","statementMap":{"0":{"start":{"line":1,"column":17},"end":{"line":1,"column":36}},"1":{"start":{"line":3,"column":23},"end":{"line":18,"column":2}},"2":{"start":{"line":20,"column":0},"end":{"line":20,"column":60}}},"fnMap":{},"branchMap":{},"s":{"0":1,"1":1,"2":1},"f":{},"b":{},"_coverageSchema":"1a1c01bbd47fc00a2c39e90264f33305004495a9","hash":"5f61542a1cc6e4d57dff1a9236c10ef56d18e530"}
,"D:\\MUN\\Semester 03\\My Project\\inventory-system\\models\\Item.js": {"path":"D:\\MUN\\Semester 03\\My Project\\inventory-system\\models\\Item.js","statementMap":{"0":{"start":{"line":1,"column":17},"end":{"line":1,"column":36}},"1":{"start":{"line":3,"column":19},"end":{"line":32,"column":24}},"2":{"start":{"line":34,"column":0},"end":{"line":34,"column":52}}},"fnMap":{},"branchMap":{},"s":{"0":1,"1":1,"2":1},"f":{},"b":{},"_coverageSchema":"1a1c01bbd47fc00a2c39e90264f33305004495a9","hash":"d526002f3fe27065aba8d0cbf73341081dee23b0"}
,"D:\\MUN\\Semester 03\\My Project\\inventory-system\\models\\Purchase.js": {"path":"D:\\MUN\\Semester 03\\My Project\\inventory-system\\models\\Purchase.js","statementMap":{"0":{"start":{"line":1,"column":17},"end":{"line":1,"column":36}},"1":{"start":{"line":3,"column":23},"end":{"line":41,"column":24}},"2":{"start":{"line":44,"column":0},"end":{"line":44,"column":60}}},"fnMap":{},"branchMap":{},"s":{"0":1,"1":1,"2":1},"f":{},"b":{},"_coverageSchema":"1a1c01bbd47fc00a2c39e90264f33305004495a9","hash":"b853efe0c239866f6d96d59c662c74bb918ccf47"}
,"D:\\MUN\\Semester 03\\My Project\\inventory-system\\models\\Sale.js": {"path":"D:\\MUN\\Semester 03\\My Project\\inventory-system\\models\\Sale.js","statementMap":{"0":{"start":{"line":1,"column":17},"end":{"line":1,"column":36}},"1":{"start":{"line":3,"column":19},"end":{"line":44,"column":24}},"2":{"start":{"line":46,"column":0},"end":{"line":46,"column":52}}},"fnMap":{},"branchMap":{},"s":{"0":1,"1":1,"2":1},"f":{},"b":{},"_coverageSchema":"1a1c01bbd47fc00a2c39e90264f33305004495a9","hash":"6955974446c1f123aaebd5b322150b3408eb5dfc"}
,"D:\\MUN\\Semester 03\\My Project\\inventory-system\\models\\User.js": {"path":"D:\\MUN\\Semester 03\\My Project\\inventory-system\\models\\User.js","statementMap":{"0":{"start":{"line":1,"column":17},"end":{"line":1,"column":36}},"1":{"start":{"line":2,"column":15},"end":{"line":2,"column":34}},"2":{"start":{"line":4,"column":19},"end":{"line":14,"column":2}},"3":{"start":{"line":16,"column":0},"end":{"line":21,"column":3}},"4":{"start":{"line":17,"column":2},"end":{"line":19,"column":3}},"5":{"start":{"line":18,"column":4},"end":{"line":18,"column":57}},"6":{"start":{"line":20,"column":2},"end":{"line":20,"column":9}},"7":{"start":{"line":23,"column":0},"end":{"line":23,"column":52}}},"fnMap":{"0":{"name":"(anonymous_0)","decl":{"start":{"line":16,"column":23},"end":{"line":16,"column":24}},"loc":{"start":{"line":16,"column":44},"end":{"line":21,"column":1}},"line":16}},"branchMap":{"0":{"loc":{"start":{"line":17,"column":2},"end":{"line":19,"column":3}},"type":"if","locations":[{"start":{"line":17,"column":2},"end":{"line":19,"column":3}},{"start":{},"end":{}}],"line":17}},"s":{"0":2,"1":2,"2":2,"3":2,"4":0,"5":0,"6":0,"7":2},"f":{"0":0},"b":{"0":[0,0]},"_coverageSchema":"1a1c01bbd47fc00a2c39e90264f33305004495a9","hash":"50b78910f3a5d28f0d33fae8bc52b0329c362cea"}
,"D:\\MUN\\Semester 03\\My Project\\inventory-system\\models\\Vendor.js": {"path":"D:\\MUN\\Semester 03\\My Project\\inventory-system\\models\\Vendor.js","statementMap":{"0":{"start":{"line":1,"column":17},"end":{"line":1,"column":36}},"1":{"start":{"line":3,"column":21},"end":{"line":26,"column":24}},"2":{"start":{"line":28,"column":0},"end":{"line":28,"column":56}}},"fnMap":{},"branchMap":{},"s":{"0":1,"1":1,"2":1},"f":{},"b":{},"_coverageSchema":"1a1c01bbd47fc00a2c39e90264f33305004495a9","hash":"6b0e0ab569a5dd2c3219fb91511af9ce9cea4f3f"}
,"D:\\MUN\\Semester 03\\My Project\\inventory-system\\models\\sequence.js": {"path":"D:\\MUN\\Semester 03\\My Project\\inventory-system\\models\\sequence.js","statementMap":{"0":{"start":{"line":1,"column":17},"end":{"line":1,"column":36}},"1":{"start":{"line":3,"column":23},"end":{"line":6,"column":2}},"2":{"start":{"line":8,"column":0},"end":{"line":8,"column":60}}},"fnMap":{},"branchMap":{},"s":{"0":1,"1":1,"2":1},"f":{},"b":{},"_coverageSchema":"1a1c01bbd47fc00a2c39e90264f33305004495a9","hash":"0eccc37f98bf6e1c1b20c0c01a483b7893a85b86"}
,"D:\\MUN\\Semester 03\\My Project\\inventory-system\\routes\\auth.js": {"path":"D:\\MUN\\Semester 03\\My Project\\inventory-system\\routes\\auth.js","statementMap":{"0":{"start":{"line":1,"column":16},"end":{"line":1,"column":34}},"1":{"start":{"line":2,"column":15},"end":{"line":2,"column":31}},"2":{"start":{"line":3,"column":13},"end":{"line":3,"column":38}},"3":{"start":{"line":4,"column":15},"end":{"line":4,"column":34}},"4":{"start":{"line":5,"column":28},"end":{"line":5,"column":57}},"5":{"start":{"line":8,"column":0},"end":{"line":14,"column":3}},"6":{"start":{"line":9,"column":2},"end":{"line":13,"column":5}},"7":{"start":{"line":17,"column":0},"end":{"line":67,"column":3}},"8":{"start":{"line":18,"column":2},"end":{"line":66,"column":3}},"9":{"start":{"line":19,"column":35},"end":{"line":19,"column":43}},"10":{"start":{"line":20,"column":28},"end":{"line":20,"column":43}},"11":{"start":{"line":21,"column":28},"end":{"line":21,"column":43}},"12":{"start":{"line":23,"column":4},"end":{"line":26,"column":5}},"13":{"start":{"line":24,"column":6},"end":{"line":24,"column":70}},"14":{"start":{"line":25,"column":6},"end":{"line":25,"column":36}},"15":{"start":{"line":28,"column":17},"end":{"line":30,"column":6}},"16":{"start":{"line":32,"column":4},"end":{"line":35,"column":5}},"17":{"start":{"line":33,"column":6},"end":{"line":33,"column":57}},"18":{"start":{"line":34,"column":6},"end":{"line":34,"column":36}},"19":{"start":{"line":37,"column":20},"end":{"line":37,"column":72}},"20":{"start":{"line":39,"column":4},"end":{"line":42,"column":5}},"21":{"start":{"line":40,"column":6},"end":{"line":40,"column":57}},"22":{"start":{"line":41,"column":6},"end":{"line":41,"column":36}},"23":{"start":{"line":45,"column":4},"end":{"line":49,"column":6}},"24":{"start":{"line":52,"column":4},"end":{"line":60,"column":7}},"25":{"start":{"line":53,"column":6},"end":{"line":57,"column":7}},"26":{"start":{"line":54,"column":8},"end":{"line":54,"column":50}},"27":{"start":{"line":55,"column":8},"end":{"line":55,"column":43}},"28":{"start":{"line":56,"column":8},"end":{"line":56,"column":38}},"29":{"start":{"line":58,"column":6},"end":{"line":58,"column":53}},"30":{"start":{"line":59,"column":6},"end":{"line":59,"column":40}},"31":{"start":{"line":63,"column":4},"end":{"line":63,"column":39}},"32":{"start":{"line":64,"column":4},"end":{"line":64,"column":39}},"33":{"start":{"line":65,"column":4},"end":{"line":65,"column":27}},"34":{"start":{"line":70,"column":0},"end":{"line":88,"column":3}},"35":{"start":{"line":71,"column":2},"end":{"line":87,"column":3}},"36":{"start":{"line":72,"column":4},"end":{"line":72,"column":43}},"37":{"start":{"line":74,"column":18},"end":{"line":74,"column":47}},"38":{"start":{"line":75,"column":22},"end":{"line":75,"column":37}},"39":{"start":{"line":77,"column":4},"end":{"line":77,"column":52}},"40":{"start":{"line":78,"column":4},"end":{"line":78,"column":47}},"41":{"start":{"line":80,"column":4},"end":{"line":83,"column":7}},"42":{"start":{"line":85,"column":4},"end":{"line":85,"column":52}},"43":{"start":{"line":86,"column":4},"end":{"line":86,"column":50}},"44":{"start":{"line":90,"column":0},"end":{"line":158,"column":3}},"45":{"start":{"line":91,"column":50},"end":{"line":91,"column":58}},"46":{"start":{"line":93,"column":2},"end":{"line":157,"column":3}},"47":{"start":{"line":94,"column":28},"end":{"line":94,"column":43}},"48":{"start":{"line":95,"column":28},"end":{"line":95,"column":43}},"49":{"start":{"line":96,"column":27},"end":{"line":96,"column":49}},"50":{"start":{"line":98,"column":4},"end":{"line":101,"column":5}},"51":{"start":{"line":99,"column":6},"end":{"line":99,"column":52}},"52":{"start":{"line":100,"column":6},"end":{"line":100,"column":39}},"53":{"start":{"line":103,"column":4},"end":{"line":106,"column":5}},"54":{"start":{"line":104,"column":6},"end":{"line":104,"column":51}},"55":{"start":{"line":105,"column":6},"end":{"line":105,"column":39}},"56":{"start":{"line":110,"column":32},"end":{"line":110,"column":114}},"57":{"start":{"line":112,"column":4},"end":{"line":115,"column":5}},"58":{"start":{"line":113,"column":6},"end":{"line":113,"column":137}},"59":{"start":{"line":114,"column":6},"end":{"line":114,"column":39}},"60":{"start":{"line":117,"column":15},"end":{"line":119,"column":6}},"61":{"start":{"line":121,"column":4},"end":{"line":124,"column":5}},"62":{"start":{"line":122,"column":6},"end":{"line":122,"column":52}},"63":{"start":{"line":123,"column":6},"end":{"line":123,"column":39}},"64":{"start":{"line":127,"column":17},"end":{"line":127,"column":41}},"65":{"start":{"line":128,"column":27},"end":{"line":128,"column":67}},"66":{"start":{"line":130,"column":4},"end":{"line":133,"column":7}},"67":{"start":{"line":135,"column":4},"end":{"line":135,"column":22}},"68":{"start":{"line":137,"column":4},"end":{"line":141,"column":6}},"69":{"start":{"line":143,"column":4},"end":{"line":151,"column":7}},"70":{"start":{"line":144,"column":6},"end":{"line":148,"column":7}},"71":{"start":{"line":145,"column":8},"end":{"line":145,"column":50}},"72":{"start":{"line":146,"column":8},"end":{"line":146,"column":69}},"73":{"start":{"line":147,"column":8},"end":{"line":147,"column":38}},"74":{"start":{"line":149,"column":6},"end":{"line":149,"column":77}},"75":{"start":{"line":150,"column":6},"end":{"line":150,"column":33}},"76":{"start":{"line":154,"column":4},"end":{"line":154,"column":46}},"77":{"start":{"line":155,"column":4},"end":{"line":155,"column":46}},"78":{"start":{"line":156,"column":4},"end":{"line":156,"column":30}},"79":{"start":{"line":161,"column":0},"end":{"line":169,"column":3}},"80":{"start":{"line":162,"column":2},"end":{"line":168,"column":5}},"81":{"start":{"line":163,"column":4},"end":{"line":165,"column":5}},"82":{"start":{"line":164,"column":6},"end":{"line":164,"column":40}},"83":{"start":{"line":166,"column":4},"end":{"line":166,"column":35}},"84":{"start":{"line":167,"column":4},"end":{"line":167,"column":27}},"85":{"start":{"line":171,"column":0},"end":{"line":171,"column":24}}},"fnMap":{"0":{"name":"(anonymous_0)","decl":{"start":{"line":8,"column":21},"end":{"line":8,"column":22}},"loc":{"start":{"line":8,"column":35},"end":{"line":14,"column":1}},"line":8},"1":{"name":"(anonymous_1)","decl":{"start":{"line":17,"column":22},"end":{"line":17,"column":23}},"loc":{"start":{"line":17,"column":42},"end":{"line":67,"column":1}},"line":17},"2":{"name":"(anonymous_2)","decl":{"start":{"line":52,"column":21},"end":{"line":52,"column":22}},"loc":{"start":{"line":52,"column":28},"end":{"line":60,"column":5}},"line":52},"3":{"name":"(anonymous_3)","decl":{"start":{"line":70,"column":24},"end":{"line":70,"column":25}},"loc":{"start":{"line":70,"column":38},"end":{"line":88,"column":1}},"line":70},"4":{"name":"(anonymous_4)","decl":{"start":{"line":90,"column":25},"end":{"line":90,"column":26}},"loc":{"start":{"line":90,"column":45},"end":{"line":158,"column":1}},"line":90},"5":{"name":"(anonymous_5)","decl":{"start":{"line":143,"column":21},"end":{"line":143,"column":22}},"loc":{"start":{"line":143,"column":28},"end":{"line":151,"column":5}},"line":143},"6":{"name":"(anonymous_6)","decl":{"start":{"line":161,"column":22},"end":{"line":161,"column":23}},"loc":{"start":{"line":161,"column":36},"end":{"line":169,"column":1}},"line":161},"7":{"name":"(anonymous_7)","decl":{"start":{"line":162,"column":22},"end":{"line":162,"column":23}},"loc":{"start":{"line":162,"column":29},"end":{"line":168,"column":3}},"line":162}},"branchMap":{"0":{"loc":{"start":{"line":10,"column":11},"end":{"line":10,"column":40}},"type":"binary-expr","locations":[{"start":{"line":10,"column":11},"end":{"line":10,"column":32}},{"start":{"line":10,"column":36},"end":{"line":10,"column":40}}],"line":10},"1":{"loc":{"start":{"line":11,"column":13},"end":{"line":11,"column":44}},"type":"binary-expr","locations":[{"start":{"line":11,"column":13},"end":{"line":11,"column":36}},{"start":{"line":11,"column":40},"end":{"line":11,"column":44}}],"line":11},"2":{"loc":{"start":{"line":23,"column":4},"end":{"line":26,"column":5}},"type":"if","locations":[{"start":{"line":23,"column":4},"end":{"line":26,"column":5}},{"start":{},"end":{}}],"line":23},"3":{"loc":{"start":{"line":23,"column":8},"end":{"line":23,"column":44}},"type":"binary-expr","locations":[{"start":{"line":23,"column":8},"end":{"line":23,"column":24}},{"start":{"line":23,"column":28},"end":{"line":23,"column":44}}],"line":23},"4":{"loc":{"start":{"line":32,"column":4},"end":{"line":35,"column":5}},"type":"if","locations":[{"start":{"line":32,"column":4},"end":{"line":35,"column":5}},{"start":{},"end":{}}],"line":32},"5":{"loc":{"start":{"line":39,"column":4},"end":{"line":42,"column":5}},"type":"if","locations":[{"start":{"line":39,"column":4},"end":{"line":42,"column":5}},{"start":{},"end":{}}],"line":39},"6":{"loc":{"start":{"line":48,"column":12},"end":{"line":48,"column":31}},"type":"binary-expr","locations":[{"start":{"line":48,"column":12},"end":{"line":48,"column":21}},{"start":{"line":48,"column":25},"end":{"line":48,"column":31}}],"line":48},"7":{"loc":{"start":{"line":53,"column":6},"end":{"line":57,"column":7}},"type":"if","locations":[{"start":{"line":53,"column":6},"end":{"line":57,"column":7}},{"start":{},"end":{}}],"line":53},"8":{"loc":{"start":{"line":74,"column":18},"end":{"line":74,"column":47}},"type":"binary-expr","locations":[{"start":{"line":74,"column":18},"end":{"line":74,"column":39}},{"start":{"line":74,"column":43},"end":{"line":74,"column":47}}],"line":74},"9":{"loc":{"start":{"line":98,"column":4},"end":{"line":101,"column":5}},"type":"if","locations":[{"start":{"line":98,"column":4},"end":{"line":101,"column":5}},{"start":{},"end":{}}],"line":98},"10":{"loc":{"start":{"line":98,"column":8},"end":{"line":98,"column":63}},"type":"binary-expr","locations":[{"start":{"line":98,"column":8},"end":{"line":98,"column":24}},{"start":{"line":98,"column":28},"end":{"line":98,"column":44}},{"start":{"line":98,"column":48},"end":{"line":98,"column":63}}],"line":98},"11":{"loc":{"start":{"line":103,"column":4},"end":{"line":106,"column":5}},"type":"if","locations":[{"start":{"line":103,"column":4},"end":{"line":106,"column":5}},{"start":{},"end":{}}],"line":103},"12":{"loc":{"start":{"line":112,"column":4},"end":{"line":115,"column":5}},"type":"if","locations":[{"start":{"line":112,"column":4},"end":{"line":115,"column":5}},{"start":{},"end":{}}],"line":112},"13":{"loc":{"start":{"line":121,"column":4},"end":{"line":124,"column":5}},"type":"if","locations":[{"start":{"line":121,"column":4},"end":{"line":124,"column":5}},{"start":{},"end":{}}],"line":121},"14":{"loc":{"start":{"line":144,"column":6},"end":{"line":148,"column":7}},"type":"if","locations":[{"start":{"line":144,"column":6},"end":{"line":148,"column":7}},{"start":{},"end":{}}],"line":144},"15":{"loc":{"start":{"line":163,"column":4},"end":{"line":165,"column":5}},"type":"if","locations":[{"start":{"line":163,"column":4},"end":{"line":165,"column":5}},{"start":{},"end":{}}],"line":163}},"s":{"0":2,"1":2,"2":2,"3":2,"4":2,"5":2,"6":0,"7":2,"8":5,"9":5,"10":5,"11":5,"12":5,"13":1,"14":1,"15":4,"16":4,"17":1,"18":1,"19":3,"20":3,"21":1,"22":1,"23":2,"24":2,"25":2,"26":0,"27":0,"28":0,"29":2,"30":2,"31":0,"32":0,"33":0,"34":2,"35":0,"36":0,"37":0,"38":0,"39":0,"40":0,"41":0,"42":0,"43":0,"44":2,"45":5,"46":5,"47":5,"48":5,"49":5,"50":5,"51":1,"52":1,"53":4,"54":1,"55":1,"56":3,"57":3,"58":1,"59":1,"60":2,"61":2,"62":1,"63":1,"64":1,"65":1,"66":1,"67":1,"68":1,"69":1,"70":1,"71":0,"72":0,"73":0,"74":1,"75":1,"76":0,"77":0,"78":0,"79":2,"80":2,"81":2,"82":1,"83":1,"84":1,"85":2},"f":{"0":0,"1":5,"2":2,"3":0,"4":5,"5":1,"6":2,"7":2},"b":{"0":[0,0],"1":[0,0],"2":[1,4],"3":[5,4],"4":[1,3],"5":[1,2],"6":[2,0],"7":[0,2],"8":[0,0],"9":[1,4],"10":[5,4,4],"11":[1,3],"12":[1,2],"13":[1,1],"14":[0,1],"15":[1,1]},"_coverageSchema":"1a1c01bbd47fc00a2c39e90264f33305004495a9","hash":"b5ac85ddbf0ef18e7eeea038eb60f730be32066e"}
,"D:\\MUN\\Semester 03\\My Project\\inventory-system\\routes\\items.js": {"path":"D:\\MUN\\Semester 03\\My Project\\inventory-system\\routes\\items.js","statementMap":{"0":{"start":{"line":1,"column":16},"end":{"line":1,"column":34}},"1":{"start":{"line":2,"column":15},"end":{"line":2,"column":31}},"2":{"start":{"line":3,"column":13},"end":{"line":3,"column":38}},"3":{"start":{"line":4,"column":28},"end":{"line":4,"column":57}},"4":{"start":{"line":5,"column":13},"end":{"line":5,"column":29}},"5":{"start":{"line":7,"column":23},"end":{"line":7,"column":46}},"6":{"start":{"line":10,"column":0},"end":{"line":41,"column":3}},"7":{"start":{"line":11,"column":2},"end":{"line":40,"column":3}},"8":{"start":{"line":12,"column":47},"end":{"line":12,"column":56}},"9":{"start":{"line":13,"column":16},"end":{"line":13,"column":18}},"10":{"start":{"line":15,"column":4},"end":{"line":17,"column":5}},"11":{"start":{"line":16,"column":6},"end":{"line":16,"column":28}},"12":{"start":{"line":19,"column":4},"end":{"line":25,"column":5}},"13":{"start":{"line":20,"column":6},"end":{"line":24,"column":8}},"14":{"start":{"line":27,"column":18},"end":{"line":27,"column":69}},"15":{"start":{"line":29,"column":4},"end":{"line":37,"column":7}},"16":{"start":{"line":39,"column":4},"end":{"line":39,"column":54}},"17":{"start":{"line":44,"column":0},"end":{"line":54,"column":3}},"18":{"start":{"line":45,"column":2},"end":{"line":53,"column":3}},"19":{"start":{"line":46,"column":17},"end":{"line":46,"column":58}},"20":{"start":{"line":47,"column":4},"end":{"line":49,"column":5}},"21":{"start":{"line":48,"column":6},"end":{"line":48,"column":63}},"22":{"start":{"line":50,"column":4},"end":{"line":50,"column":19}},"23":{"start":{"line":52,"column":4},"end":{"line":52,"column":60}},"24":{"start":{"line":58,"column":0},"end":{"line":76,"column":3}},"25":{"start":{"line":59,"column":2},"end":{"line":75,"column":3}},"26":{"start":{"line":60,"column":17},"end":{"line":60,"column":51}},"27":{"start":{"line":61,"column":4},"end":{"line":63,"column":5}},"28":{"start":{"line":62,"column":6},"end":{"line":62,"column":57}},"29":{"start":{"line":66,"column":4},"end":{"line":66,"column":67}},"30":{"start":{"line":67,"column":4},"end":{"line":67,"column":42}},"31":{"start":{"line":68,"column":4},"end":{"line":68,"column":32}},"32":{"start":{"line":70,"column":4},"end":{"line":70,"column":22}},"33":{"start":{"line":72,"column":4},"end":{"line":72,"column":73}},"34":{"start":{"line":74,"column":4},"end":{"line":74,"column":62}},"35":{"start":{"line":80,"column":0},"end":{"line":117,"column":3}},"36":{"start":{"line":81,"column":2},"end":{"line":116,"column":3}},"37":{"start":{"line":82,"column":93},"end":{"line":82,"column":101}},"38":{"start":{"line":84,"column":4},"end":{"line":86,"column":5}},"39":{"start":{"line":85,"column":6},"end":{"line":85,"column":89}},"40":{"start":{"line":88,"column":25},"end":{"line":88,"column":59}},"41":{"start":{"line":89,"column":4},"end":{"line":91,"column":5}},"42":{"start":{"line":90,"column":6},"end":{"line":90,"column":69}},"43":{"start":{"line":93,"column":4},"end":{"line":95,"column":5}},"44":{"start":{"line":94,"column":6},"end":{"line":94,"column":85}},"45":{"start":{"line":97,"column":4},"end":{"line":99,"column":5}},"46":{"start":{"line":98,"column":6},"end":{"line":98,"column":76}},"47":{"start":{"line":101,"column":20},"end":{"line":110,"column":6}},"48":{"start":{"line":112,"column":4},"end":{"line":112,"column":25}},"49":{"start":{"line":113,"column":4},"end":{"line":113,"column":98}},"50":{"start":{"line":115,"column":4},"end":{"line":115,"column":52}},"51":{"start":{"line":120,"column":0},"end":{"line":161,"column":3}},"52":{"start":{"line":121,"column":2},"end":{"line":160,"column":3}},"53":{"start":{"line":122,"column":93},"end":{"line":122,"column":101}},"54":{"start":{"line":125,"column":4},"end":{"line":127,"column":5}},"55":{"start":{"line":126,"column":6},"end":{"line":126,"column":89}},"56":{"start":{"line":129,"column":4},"end":{"line":131,"column":5}},"57":{"start":{"line":130,"column":6},"end":{"line":130,"column":85}},"58":{"start":{"line":133,"column":4},"end":{"line":135,"column":5}},"59":{"start":{"line":134,"column":6},"end":{"line":134,"column":76}},"60":{"start":{"line":137,"column":23},"end":{"line":147,"column":5}},"61":{"start":{"line":150,"column":19},"end":{"line":150,"column":74}},"62":{"start":{"line":153,"column":4},"end":{"line":155,"column":5}},"63":{"start":{"line":154,"column":6},"end":{"line":154,"column":64}},"64":{"start":{"line":157,"column":4},"end":{"line":157,"column":100}},"65":{"start":{"line":159,"column":4},"end":{"line":159,"column":55}},"66":{"start":{"line":164,"column":0},"end":{"line":181,"column":3}},"67":{"start":{"line":165,"column":2},"end":{"line":180,"column":3}},"68":{"start":{"line":166,"column":17},"end":{"line":166,"column":51}},"69":{"start":{"line":167,"column":4},"end":{"line":169,"column":5}},"70":{"start":{"line":168,"column":6},"end":{"line":168,"column":57}},"71":{"start":{"line":171,"column":4},"end":{"line":171,"column":67}},"72":{"start":{"line":172,"column":4},"end":{"line":172,"column":42}},"73":{"start":{"line":173,"column":4},"end":{"line":173,"column":32}},"74":{"start":{"line":174,"column":4},"end":{"line":174,"column":22}},"75":{"start":{"line":176,"column":4},"end":{"line":176,"column":73}},"76":{"start":{"line":178,"column":4},"end":{"line":178,"column":23}},"77":{"start":{"line":179,"column":4},"end":{"line":179,"column":62}},"78":{"start":{"line":184,"column":0},"end":{"line":195,"column":3}},"79":{"start":{"line":185,"column":2},"end":{"line":194,"column":3}},"80":{"start":{"line":186,"column":17},"end":{"line":186,"column":60}},"81":{"start":{"line":187,"column":4},"end":{"line":189,"column":5}},"82":{"start":{"line":188,"column":6},"end":{"line":188,"column":57}},"83":{"start":{"line":191,"column":4},"end":{"line":191,"column":105}},"84":{"start":{"line":193,"column":4},"end":{"line":193,"column":55}},"85":{"start":{"line":197,"column":0},"end":{"line":197,"column":24}}},"fnMap":{"0":{"name":"(anonymous_0)","decl":{"start":{"line":10,"column":54},"end":{"line":10,"column":55}},"loc":{"start":{"line":10,"column":74},"end":{"line":41,"column":1}},"line":10},"1":{"name":"(anonymous_1)","decl":{"start":{"line":44,"column":42},"end":{"line":44,"column":43}},"loc":{"start":{"line":44,"column":62},"end":{"line":54,"column":1}},"line":44},"2":{"name":"(anonymous_2)","decl":{"start":{"line":58,"column":73},"end":{"line":58,"column":74}},"loc":{"start":{"line":58,"column":93},"end":{"line":76,"column":1}},"line":58},"3":{"name":"(anonymous_3)","decl":{"start":{"line":80,"column":55},"end":{"line":80,"column":56}},"loc":{"start":{"line":80,"column":75},"end":{"line":117,"column":1}},"line":80},"4":{"name":"(anonymous_4)","decl":{"start":{"line":120,"column":59},"end":{"line":120,"column":60}},"loc":{"start":{"line":120,"column":79},"end":{"line":161,"column":1}},"line":120},"5":{"name":"(anonymous_5)","decl":{"start":{"line":164,"column":73},"end":{"line":164,"column":74}},"loc":{"start":{"line":164,"column":93},"end":{"line":181,"column":1}},"line":164},"6":{"name":"(anonymous_6)","decl":{"start":{"line":184,"column":66},"end":{"line":184,"column":67}},"loc":{"start":{"line":184,"column":86},"end":{"line":195,"column":1}},"line":184}},"branchMap":{"0":{"loc":{"start":{"line":15,"column":4},"end":{"line":17,"column":5}},"type":"if","locations":[{"start":{"line":15,"column":4},"end":{"line":17,"column":5}},{"start":{},"end":{}}],"line":15},"1":{"loc":{"start":{"line":15,"column":8},"end":{"line":15,"column":57}},"type":"binary-expr","locations":[{"start":{"line":15,"column":8},"end":{"line":15,"column":14}},{"start":{"line":15,"column":18},"end":{"line":15,"column":57}}],"line":15},"2":{"loc":{"start":{"line":19,"column":4},"end":{"line":25,"column":5}},"type":"if","locations":[{"start":{"line":19,"column":4},"end":{"line":25,"column":5}},{"start":{},"end":{}}],"line":19},"3":{"loc":{"start":{"line":32,"column":21},"end":{"line":32,"column":36}},"type":"binary-expr","locations":[{"start":{"line":32,"column":21},"end":{"line":32,"column":27}},{"start":{"line":32,"column":31},"end":{"line":32,"column":36}}],"line":32},"4":{"loc":{"start":{"line":33,"column":19},"end":{"line":33,"column":31}},"type":"binary-expr","locations":[{"start":{"line":33,"column":19},"end":{"line":33,"column":25}},{"start":{"line":33,"column":29},"end":{"line":33,"column":31}}],"line":33},"5":{"loc":{"start":{"line":34,"column":22},"end":{"line":34,"column":37}},"type":"binary-expr","locations":[{"start":{"line":34,"column":22},"end":{"line":34,"column":29}},{"start":{"line":34,"column":33},"end":{"line":34,"column":37}}],"line":34},"6":{"loc":{"start":{"line":35,"column":20},"end":{"line":35,"column":33}},"type":"binary-expr","locations":[{"start":{"line":35,"column":20},"end":{"line":35,"column":25}},{"start":{"line":35,"column":29},"end":{"line":35,"column":33}}],"line":35},"7":{"loc":{"start":{"line":47,"column":4},"end":{"line":49,"column":5}},"type":"if","locations":[{"start":{"line":47,"column":4},"end":{"line":49,"column":5}},{"start":{},"end":{}}],"line":47},"8":{"loc":{"start":{"line":61,"column":4},"end":{"line":63,"column":5}},"type":"if","locations":[{"start":{"line":61,"column":4},"end":{"line":63,"column":5}},{"start":{},"end":{}}],"line":61},"9":{"loc":{"start":{"line":66,"column":18},"end":{"line":66,"column":66}},"type":"cond-expr","locations":[{"start":{"line":66,"column":45},"end":{"line":66,"column":55}},{"start":{"line":66,"column":58},"end":{"line":66,"column":66}}],"line":66},"10":{"loc":{"start":{"line":84,"column":4},"end":{"line":86,"column":5}},"type":"if","locations":[{"start":{"line":84,"column":4},"end":{"line":86,"column":5}},{"start":{},"end":{}}],"line":84},"11":{"loc":{"start":{"line":84,"column":8},"end":{"line":84,"column":46}},"type":"binary-expr","locations":[{"start":{"line":84,"column":8},"end":{"line":84,"column":19}},{"start":{"line":84,"column":23},"end":{"line":84,"column":32}},{"start":{"line":84,"column":36},"end":{"line":84,"column":46}}],"line":84},"12":{"loc":{"start":{"line":89,"column":4},"end":{"line":91,"column":5}},"type":"if","locations":[{"start":{"line":89,"column":4},"end":{"line":91,"column":5}},{"start":{},"end":{}}],"line":89},"13":{"loc":{"start":{"line":93,"column":4},"end":{"line":95,"column":5}},"type":"if","locations":[{"start":{"line":93,"column":4},"end":{"line":95,"column":5}},{"start":{},"end":{}}],"line":93},"14":{"loc":{"start":{"line":93,"column":8},"end":{"line":93,"column":66}},"type":"binary-expr","locations":[{"start":{"line":93,"column":8},"end":{"line":93,"column":30}},{"start":{"line":93,"column":34},"end":{"line":93,"column":46}},{"start":{"line":93,"column":50},"end":{"line":93,"column":66}}],"line":93},"15":{"loc":{"start":{"line":97,"column":4},"end":{"line":99,"column":5}},"type":"if","locations":[{"start":{"line":97,"column":4},"end":{"line":99,"column":5}},{"start":{},"end":{}}],"line":97},"16":{"loc":{"start":{"line":105,"column":23},"end":{"line":105,"column":55}},"type":"binary-expr","locations":[{"start":{"line":105,"column":23},"end":{"line":105,"column":50}},{"start":{"line":105,"column":54},"end":{"line":105,"column":55}}],"line":105},"17":{"loc":{"start":{"line":106,"column":13},"end":{"line":106,"column":33}},"type":"binary-expr","locations":[{"start":{"line":106,"column":13},"end":{"line":106,"column":28}},{"start":{"line":106,"column":32},"end":{"line":106,"column":33}}],"line":106},"18":{"loc":{"start":{"line":108,"column":14},"end":{"line":108,"column":32}},"type":"binary-expr","locations":[{"start":{"line":108,"column":14},"end":{"line":108,"column":20}},{"start":{"line":108,"column":24},"end":{"line":108,"column":32}}],"line":108},"19":{"loc":{"start":{"line":125,"column":4},"end":{"line":127,"column":5}},"type":"if","locations":[{"start":{"line":125,"column":4},"end":{"line":127,"column":5}},{"start":{},"end":{}}],"line":125},"20":{"loc":{"start":{"line":125,"column":8},"end":{"line":125,"column":46}},"type":"binary-expr","locations":[{"start":{"line":125,"column":8},"end":{"line":125,"column":19}},{"start":{"line":125,"column":23},"end":{"line":125,"column":32}},{"start":{"line":125,"column":36},"end":{"line":125,"column":46}}],"line":125},"21":{"loc":{"start":{"line":129,"column":4},"end":{"line":131,"column":5}},"type":"if","locations":[{"start":{"line":129,"column":4},"end":{"line":131,"column":5}},{"start":{},"end":{}}],"line":129},"22":{"loc":{"start":{"line":129,"column":8},"end":{"line":129,"column":66}},"type":"binary-expr","locations":[{"start":{"line":129,"column":8},"end":{"line":129,"column":30}},{"start":{"line":129,"column":34},"end":{"line":129,"column":46}},{"start":{"line":129,"column":50},"end":{"line":129,"column":66}}],"line":129},"23":{"loc":{"start":{"line":133,"column":4},"end":{"line":135,"column":5}},"type":"if","locations":[{"start":{"line":133,"column":4},"end":{"line":135,"column":5}},{"start":{},"end":{}}],"line":133},"24":{"loc":{"start":{"line":141,"column":23},"end":{"line":141,"column":55}},"type":"binary-expr","locations":[{"start":{"line":141,"column":23},"end":{"line":141,"column":50}},{"start":{"line":141,"column":54},"end":{"line":141,"column":55}}],"line":141},"25":{"loc":{"start":{"line":142,"column":13},"end":{"line":142,"column":33}},"type":"binary-expr","locations":[{"start":{"line":142,"column":13},"end":{"line":142,"column":28}},{"start":{"line":142,"column":32},"end":{"line":142,"column":33}}],"line":142},"26":{"loc":{"start":{"line":144,"column":14},"end":{"line":144,"column":32}},"type":"binary-expr","locations":[{"start":{"line":144,"column":14},"end":{"line":144,"column":20}},{"start":{"line":144,"column":24},"end":{"line":144,"column":32}}],"line":144},"27":{"loc":{"start":{"line":153,"column":4},"end":{"line":155,"column":5}},"type":"if","locations":[{"start":{"line":153,"column":4},"end":{"line":155,"column":5}},{"start":{},"end":{}}],"line":153},"28":{"loc":{"start":{"line":167,"column":4},"end":{"line":169,"column":5}},"type":"if","locations":[{"start":{"line":167,"column":4},"end":{"line":169,"column":5}},{"start":{},"end":{}}],"line":167},"29":{"loc":{"start":{"line":171,"column":18},"end":{"line":171,"column":66}},"type":"cond-expr","locations":[{"start":{"line":171,"column":45},"end":{"line":171,"column":55}},{"start":{"line":171,"column":58},"end":{"line":171,"column":66}}],"line":171},"30":{"loc":{"start":{"line":187,"column":4},"end":{"line":189,"column":5}},"type":"if","locations":[{"start":{"line":187,"column":4},"end":{"line":189,"column":5}},{"start":{},"end":{}}],"line":187}},"s":{"0":2,"1":2,"2":2,"3":2,"4":2,"5":2,"6":2,"7":2,"8":2,"9":2,"10":2,"11":1,"12":2,"13":1,"14":2,"15":1,"16":1,"17":2,"18":3,"19":3,"20":2,"21":1,"22":1,"23":1,"24":2,"25":4,"26":4,"27":4,"28":1,"29":3,"30":3,"31":3,"32":3,"33":2,"34":1,"35":2,"36":7,"37":7,"38":5,"39":1,"40":4,"41":4,"42":1,"43":3,"44":1,"45":2,"46":1,"47":1,"48":1,"49":1,"50":2,"51":2,"52":2,"53":2,"54":1,"55":0,"56":1,"57":0,"58":1,"59":0,"60":1,"61":1,"62":1,"63":0,"64":1,"65":1,"66":2,"67":0,"68":0,"69":0,"70":0,"71":0,"72":0,"73":0,"74":0,"75":0,"76":0,"77":0,"78":2,"79":3,"80":3,"81":2,"82":1,"83":1,"84":1,"85":2},"f":{"0":2,"1":3,"2":4,"3":7,"4":2,"5":0,"6":3},"b":{"0":[1,1],"1":[2,1],"2":[1,1],"3":[1,0],"4":[1,0],"5":[1,1],"6":[1,1],"7":[1,1],"8":[1,3],"9":[3,0],"10":[1,4],"11":[5,4,4],"12":[1,3],"13":[1,2],"14":[3,3,3],"15":[1,1],"16":[1,0],"17":[1,0],"18":[1,0],"19":[0,1],"20":[1,1,1],"21":[0,1],"22":[1,1,1],"23":[0,1],"24":[1,0],"25":[1,0],"26":[1,0],"27":[0,1],"28":[0,0],"29":[0,0],"30":[1,1]},"_coverageSchema":"1a1c01bbd47fc00a2c39e90264f33305004495a9","hash":"757d9ccf8b5b4574ea11160e2e1dcc9204be3194"}
,"D:\\MUN\\Semester 03\\My Project\\inventory-system\\routes\\purchases.js": {"path":"D:\\MUN\\Semester 03\\My Project\\inventory-system\\routes\\purchases.js","statementMap":{"0":{"start":{"line":272,"column":16},"end":{"line":272,"column":34}},"1":{"start":{"line":273,"column":15},"end":{"line":273,"column":31}},"2":{"start":{"line":274,"column":17},"end":{"line":274,"column":46}},"3":{"start":{"line":275,"column":13},"end":{"line":275,"column":38}},"4":{"start":{"line":276,"column":15},"end":{"line":276,"column":42}},"5":{"start":{"line":277,"column":28},"end":{"line":277,"column":57}},"6":{"start":{"line":278,"column":17},"end":{"line":278,"column":46}},"7":{"start":{"line":283,"column":19},"end":{"line":287,"column":3}},"8":{"start":{"line":288,"column":2},"end":{"line":288,"column":69}},"9":{"start":{"line":292,"column":0},"end":{"line":331,"column":3}},"10":{"start":{"line":293,"column":2},"end":{"line":330,"column":3}},"11":{"start":{"line":294,"column":45},"end":{"line":294,"column":54}},"12":{"start":{"line":295,"column":18},"end":{"line":295,"column":20}},"13":{"start":{"line":297,"column":4},"end":{"line":302,"column":5}},"14":{"start":{"line":298,"column":6},"end":{"line":301,"column":8}},"15":{"start":{"line":304,"column":4},"end":{"line":306,"column":5}},"16":{"start":{"line":305,"column":6},"end":{"line":305,"column":30}},"17":{"start":{"line":308,"column":22},"end":{"line":310,"column":37}},"18":{"start":{"line":312,"column":18},"end":{"line":312,"column":77}},"19":{"start":{"line":313,"column":20},"end":{"line":313,"column":81}},"20":{"start":{"line":315,"column":4},"end":{"line":326,"column":7}},"21":{"start":{"line":328,"column":4},"end":{"line":328,"column":51}},"22":{"start":{"line":329,"column":4},"end":{"line":329,"column":31}},"23":{"start":{"line":335,"column":0},"end":{"line":360,"column":3}},"24":{"start":{"line":336,"column":2},"end":{"line":359,"column":3}},"25":{"start":{"line":337,"column":21},"end":{"line":337,"column":90}},"26":{"start":{"line":338,"column":4},"end":{"line":341,"column":5}},"27":{"start":{"line":339,"column":6},"end":{"line":339,"column":47}},"28":{"start":{"line":340,"column":6},"end":{"line":340,"column":40}},"29":{"start":{"line":343,"column":18},"end":{"line":343,"column":77}},"30":{"start":{"line":344,"column":20},"end":{"line":344,"column":81}},"31":{"start":{"line":346,"column":4},"end":{"line":354,"column":7}},"32":{"start":{"line":356,"column":4},"end":{"line":356,"column":60}},"33":{"start":{"line":357,"column":4},"end":{"line":357,"column":60}},"34":{"start":{"line":358,"column":4},"end":{"line":358,"column":31}},"35":{"start":{"line":364,"column":0},"end":{"line":407,"column":3}},"36":{"start":{"line":365,"column":2},"end":{"line":406,"column":3}},"37":{"start":{"line":366,"column":36},"end":{"line":366,"column":44}},"38":{"start":{"line":367,"column":27},"end":{"line":367,"column":45}},"39":{"start":{"line":368,"column":28},"end":{"line":368,"column":49}},"40":{"start":{"line":370,"column":4},"end":{"line":373,"column":5}},"41":{"start":{"line":371,"column":6},"end":{"line":371,"column":59}},"42":{"start":{"line":372,"column":6},"end":{"line":372,"column":62}},"43":{"start":{"line":375,"column":21},"end":{"line":375,"column":59}},"44":{"start":{"line":376,"column":4},"end":{"line":379,"column":5}},"45":{"start":{"line":377,"column":6},"end":{"line":377,"column":47}},"46":{"start":{"line":378,"column":6},"end":{"line":378,"column":40}},"47":{"start":{"line":382,"column":17},"end":{"line":382,"column":72}},"48":{"start":{"line":383,"column":4},"end":{"line":386,"column":5}},"49":{"start":{"line":384,"column":6},"end":{"line":384,"column":38}},"50":{"start":{"line":385,"column":6},"end":{"line":385,"column":24}},"51":{"start":{"line":389,"column":4},"end":{"line":392,"column":5}},"52":{"start":{"line":390,"column":6},"end":{"line":390,"column":35}},"53":{"start":{"line":391,"column":6},"end":{"line":391,"column":24}},"54":{"start":{"line":395,"column":4},"end":{"line":395,"column":39}},"55":{"start":{"line":396,"column":4},"end":{"line":396,"column":41}},"56":{"start":{"line":397,"column":4},"end":{"line":397,"column":58}},"57":{"start":{"line":399,"column":4},"end":{"line":399,"column":26}},"58":{"start":{"line":401,"column":4},"end":{"line":401,"column":58}},"59":{"start":{"line":402,"column":4},"end":{"line":402,"column":31}},"60":{"start":{"line":404,"column":4},"end":{"line":404,"column":52}},"61":{"start":{"line":405,"column":4},"end":{"line":405,"column":53}},"62":{"start":{"line":411,"column":0},"end":{"line":438,"column":3}},"63":{"start":{"line":412,"column":2},"end":{"line":437,"column":3}},"64":{"start":{"line":413,"column":23},"end":{"line":413,"column":36}},"65":{"start":{"line":416,"column":21},"end":{"line":416,"column":87}},"66":{"start":{"line":417,"column":4},"end":{"line":420,"column":5}},"67":{"start":{"line":418,"column":6},"end":{"line":418,"column":47}},"68":{"start":{"line":419,"column":6},"end":{"line":419,"column":40}},"69":{"start":{"line":423,"column":17},"end":{"line":423,"column":72}},"70":{"start":{"line":425,"column":4},"end":{"line":432,"column":7}},"71":{"start":{"line":434,"column":4},"end":{"line":434,"column":58}},"72":{"start":{"line":435,"column":4},"end":{"line":435,"column":58}},"73":{"start":{"line":436,"column":4},"end":{"line":436,"column":31}},"74":{"start":{"line":441,"column":0},"end":{"line":497,"column":3}},"75":{"start":{"line":442,"column":70},"end":{"line":442,"column":78}},"76":{"start":{"line":444,"column":2},"end":{"line":496,"column":3}},"77":{"start":{"line":447,"column":27},"end":{"line":447,"column":45}},"78":{"start":{"line":448,"column":28},"end":{"line":448,"column":49}},"79":{"start":{"line":449,"column":4},"end":{"line":456,"column":5}},"80":{"start":{"line":454,"column":6},"end":{"line":454,"column":53}},"81":{"start":{"line":455,"column":6},"end":{"line":455,"column":40}},"82":{"start":{"line":459,"column":17},"end":{"line":459,"column":51}},"83":{"start":{"line":460,"column":19},"end":{"line":460,"column":50}},"84":{"start":{"line":462,"column":4},"end":{"line":465,"column":5}},"85":{"start":{"line":463,"column":6},"end":{"line":463,"column":72}},"86":{"start":{"line":464,"column":6},"end":{"line":464,"column":40}},"87":{"start":{"line":468,"column":23},"end":{"line":468,"column":48}},"88":{"start":{"line":470,"column":22},"end":{"line":470,"column":54}},"89":{"start":{"line":472,"column":25},"end":{"line":482,"column":5}},"90":{"start":{"line":485,"column":24},"end":{"line":485,"column":59}},"91":{"start":{"line":488,"column":4},"end":{"line":488,"column":33}},"92":{"start":{"line":489,"column":4},"end":{"line":489,"column":22}},"93":{"start":{"line":491,"column":4},"end":{"line":491,"column":74}},"94":{"start":{"line":492,"column":4},"end":{"line":492,"column":31}},"95":{"start":{"line":494,"column":4},"end":{"line":494,"column":49}},"96":{"start":{"line":495,"column":4},"end":{"line":495,"column":31}},"97":{"start":{"line":501,"column":0},"end":{"line":526,"column":3}},"98":{"start":{"line":502,"column":21},"end":{"line":502,"column":34}},"99":{"start":{"line":504,"column":2},"end":{"line":525,"column":3}},"100":{"start":{"line":505,"column":21},"end":{"line":505,"column":56}},"101":{"start":{"line":507,"column":4},"end":{"line":510,"column":5}},"102":{"start":{"line":508,"column":6},"end":{"line":508,"column":47}},"103":{"start":{"line":509,"column":6},"end":{"line":509,"column":40}},"104":{"start":{"line":512,"column":17},"end":{"line":512,"column":72}},"105":{"start":{"line":513,"column":4},"end":{"line":516,"column":5}},"106":{"start":{"line":514,"column":6},"end":{"line":514,"column":38}},"107":{"start":{"line":515,"column":6},"end":{"line":515,"column":24}},"108":{"start":{"line":518,"column":4},"end":{"line":518,"column":49}},"109":{"start":{"line":520,"column":4},"end":{"line":520,"column":81}},"110":{"start":{"line":521,"column":4},"end":{"line":521,"column":31}},"111":{"start":{"line":523,"column":4},"end":{"line":523,"column":52}},"112":{"start":{"line":524,"column":4},"end":{"line":524,"column":31}},"113":{"start":{"line":528,"column":0},"end":{"line":528,"column":24}}},"fnMap":{"0":{"name":"getNextPurchaseId","decl":{"start":{"line":282,"column":15},"end":{"line":282,"column":32}},"loc":{"start":{"line":282,"column":35},"end":{"line":289,"column":1}},"line":282},"1":{"name":"(anonymous_1)","decl":{"start":{"line":292,"column":42},"end":{"line":292,"column":43}},"loc":{"start":{"line":292,"column":62},"end":{"line":331,"column":1}},"line":292},"2":{"name":"(anonymous_2)","decl":{"start":{"line":335,"column":51},"end":{"line":335,"column":52}},"loc":{"start":{"line":335,"column":71},"end":{"line":360,"column":1}},"line":335},"3":{"name":"(anonymous_3)","decl":{"start":{"line":364,"column":54},"end":{"line":364,"column":55}},"loc":{"start":{"line":364,"column":74},"end":{"line":407,"column":1}},"line":364},"4":{"name":"(anonymous_4)","decl":{"start":{"line":411,"column":46},"end":{"line":411,"column":47}},"loc":{"start":{"line":411,"column":66},"end":{"line":438,"column":1}},"line":411},"5":{"name":"(anonymous_5)","decl":{"start":{"line":441,"column":43},"end":{"line":441,"column":44}},"loc":{"start":{"line":441,"column":63},"end":{"line":497,"column":1}},"line":441},"6":{"name":"(anonymous_6)","decl":{"start":{"line":501,"column":54},"end":{"line":501,"column":55}},"loc":{"start":{"line":501,"column":74},"end":{"line":526,"column":1}},"line":501}},"branchMap":{"0":{"loc":{"start":{"line":297,"column":4},"end":{"line":302,"column":5}},"type":"if","locations":[{"start":{"line":297,"column":4},"end":{"line":302,"column":5}},{"start":{},"end":{}}],"line":297},"1":{"loc":{"start":{"line":297,"column":8},"end":{"line":297,"column":28}},"type":"binary-expr","locations":[{"start":{"line":297,"column":8},"end":{"line":297,"column":17}},{"start":{"line":297,"column":21},"end":{"line":297,"column":28}}],"line":297},"2":{"loc":{"start":{"line":304,"column":4},"end":{"line":306,"column":5}},"type":"if","locations":[{"start":{"line":304,"column":4},"end":{"line":306,"column":5}},{"start":{},"end":{}}],"line":304},"3":{"loc":{"start":{"line":320,"column":17},"end":{"line":320,"column":32}},"type":"binary-expr","locations":[{"start":{"line":320,"column":17},"end":{"line":320,"column":26}},{"start":{"line":320,"column":30},"end":{"line":320,"column":32}}],"line":320},"4":{"loc":{"start":{"line":321,"column":15},"end":{"line":321,"column":28}},"type":"binary-expr","locations":[{"start":{"line":321,"column":15},"end":{"line":321,"column":22}},{"start":{"line":321,"column":26},"end":{"line":321,"column":28}}],"line":321},"5":{"loc":{"start":{"line":322,"column":22},"end":{"line":322,"column":36}},"type":"binary-expr","locations":[{"start":{"line":322,"column":22},"end":{"line":322,"column":30}},{"start":{"line":322,"column":34},"end":{"line":322,"column":36}}],"line":322},"6":{"loc":{"start":{"line":324,"column":22},"end":{"line":324,"column":51}},"type":"binary-expr","locations":[{"start":{"line":324,"column":22},"end":{"line":324,"column":45}},{"start":{"line":324,"column":49},"end":{"line":324,"column":51}}],"line":324},"7":{"loc":{"start":{"line":325,"column":20},"end":{"line":325,"column":47}},"type":"binary-expr","locations":[{"start":{"line":325,"column":20},"end":{"line":325,"column":41}},{"start":{"line":325,"column":45},"end":{"line":325,"column":47}}],"line":325},"8":{"loc":{"start":{"line":338,"column":4},"end":{"line":341,"column":5}},"type":"if","locations":[{"start":{"line":338,"column":4},"end":{"line":341,"column":5}},{"start":{},"end":{}}],"line":338},"9":{"loc":{"start":{"line":352,"column":22},"end":{"line":352,"column":51}},"type":"binary-expr","locations":[{"start":{"line":352,"column":22},"end":{"line":352,"column":45}},{"start":{"line":352,"column":49},"end":{"line":352,"column":51}}],"line":352},"10":{"loc":{"start":{"line":353,"column":20},"end":{"line":353,"column":47}},"type":"binary-expr","locations":[{"start":{"line":353,"column":20},"end":{"line":353,"column":41}},{"start":{"line":353,"column":45},"end":{"line":353,"column":47}}],"line":353},"11":{"loc":{"start":{"line":370,"column":4},"end":{"line":373,"column":5}},"type":"if","locations":[{"start":{"line":370,"column":4},"end":{"line":373,"column":5}},{"start":{},"end":{}}],"line":370},"12":{"loc":{"start":{"line":370,"column":8},"end":{"line":370,"column":101}},"type":"binary-expr","locations":[{"start":{"line":370,"column":8},"end":{"line":370,"column":29}},{"start":{"line":370,"column":33},"end":{"line":370,"column":51}},{"start":{"line":370,"column":55},"end":{"line":370,"column":77}},{"start":{"line":370,"column":81},"end":{"line":370,"column":101}}],"line":370},"13":{"loc":{"start":{"line":376,"column":4},"end":{"line":379,"column":5}},"type":"if","locations":[{"start":{"line":376,"column":4},"end":{"line":379,"column":5}},{"start":{},"end":{}}],"line":376},"14":{"loc":{"start":{"line":383,"column":4},"end":{"line":386,"column":5}},"type":"if","locations":[{"start":{"line":383,"column":4},"end":{"line":386,"column":5}},{"start":{},"end":{}}],"line":383},"15":{"loc":{"start":{"line":389,"column":4},"end":{"line":392,"column":5}},"type":"if","locations":[{"start":{"line":389,"column":4},"end":{"line":392,"column":5}},{"start":{},"end":{}}],"line":389},"16":{"loc":{"start":{"line":417,"column":4},"end":{"line":420,"column":5}},"type":"if","locations":[{"start":{"line":417,"column":4},"end":{"line":420,"column":5}},{"start":{},"end":{}}],"line":417},"17":{"loc":{"start":{"line":430,"column":22},"end":{"line":430,"column":51}},"type":"binary-expr","locations":[{"start":{"line":430,"column":22},"end":{"line":430,"column":45}},{"start":{"line":430,"column":49},"end":{"line":430,"column":51}}],"line":430},"18":{"loc":{"start":{"line":431,"column":20},"end":{"line":431,"column":47}},"type":"binary-expr","locations":[{"start":{"line":431,"column":20},"end":{"line":431,"column":41}},{"start":{"line":431,"column":45},"end":{"line":431,"column":47}}],"line":431},"19":{"loc":{"start":{"line":449,"column":4},"end":{"line":456,"column":5}},"type":"if","locations":[{"start":{"line":449,"column":4},"end":{"line":456,"column":5}},{"start":{},"end":{}}],"line":449},"20":{"loc":{"start":{"line":450,"column":6},"end":{"line":452,"column":52}},"type":"binary-expr","locations":[{"start":{"line":450,"column":6},"end":{"line":450,"column":17}},{"start":{"line":450,"column":21},"end":{"line":450,"column":30}},{"start":{"line":450,"column":34},"end":{"line":450,"column":47}},{"start":{"line":451,"column":6},"end":{"line":451,"column":27}},{"start":{"line":451,"column":31},"end":{"line":451,"column":50}},{"start":{"line":452,"column":6},"end":{"line":452,"column":28}},{"start":{"line":452,"column":32},"end":{"line":452,"column":52}}],"line":450},"21":{"loc":{"start":{"line":462,"column":4},"end":{"line":465,"column":5}},"type":"if","locations":[{"start":{"line":462,"column":4},"end":{"line":465,"column":5}},{"start":{},"end":{}}],"line":462},"22":{"loc":{"start":{"line":462,"column":8},"end":{"line":462,"column":24}},"type":"binary-expr","locations":[{"start":{"line":462,"column":8},"end":{"line":462,"column":13}},{"start":{"line":462,"column":17},"end":{"line":462,"column":24}}],"line":462},"23":{"loc":{"start":{"line":463,"column":25},"end":{"line":463,"column":70}},"type":"cond-expr","locations":[{"start":{"line":463,"column":33},"end":{"line":463,"column":49}},{"start":{"line":463,"column":52},"end":{"line":463,"column":70}}],"line":463},"24":{"loc":{"start":{"line":507,"column":4},"end":{"line":510,"column":5}},"type":"if","locations":[{"start":{"line":507,"column":4},"end":{"line":510,"column":5}},{"start":{},"end":{}}],"line":507},"25":{"loc":{"start":{"line":513,"column":4},"end":{"line":516,"column":5}},"type":"if","locations":[{"start":{"line":513,"column":4},"end":{"line":516,"column":5}},{"start":{},"end":{}}],"line":513}},"s":{"0":2,"1":2,"2":2,"3":2,"4":2,"5":2,"6":2,"7":1,"8":1,"9":2,"10":1,"11":1,"12":1,"13":1,"14":0,"15":1,"16":0,"17":1,"18":0,"19":0,"20":0,"21":1,"22":1,"23":2,"24":1,"25":1,"26":1,"27":1,"28":1,"29":0,"30":0,"31":0,"32":0,"33":0,"34":0,"35":2,"36":5,"37":5,"38":5,"39":5,"40":5,"41":2,"42":2,"43":3,"44":2,"45":1,"46":1,"47":1,"48":1,"49":1,"50":1,"51":1,"52":1,"53":1,"54":1,"55":1,"56":1,"57":1,"58":1,"59":1,"60":1,"61":1,"62":2,"63":2,"64":2,"65":2,"66":2,"67":1,"68":1,"69":1,"70":1,"71":0,"72":0,"73":0,"74":2,"75":7,"76":7,"77":7,"78":7,"79":7,"80":3,"81":3,"82":4,"83":3,"84":3,"85":2,"86":2,"87":1,"88":1,"89":1,"90":1,"91":1,"92":1,"93":1,"94":1,"95":1,"96":1,"97":2,"98":3,"99":3,"100":3,"101":2,"102":1,"103":1,"104":1,"105":1,"106":1,"107":1,"108":1,"109":1,"110":1,"111":1,"112":1,"113":2},"f":{"0":1,"1":1,"2":1,"3":5,"4":2,"5":7,"6":3},"b":{"0":[0,1],"1":[1,0],"2":[0,1],"3":[0,0],"4":[0,0],"5":[0,0],"6":[0,0],"7":[0,0],"8":[1,0],"9":[0,0],"10":[0,0],"11":[2,3],"12":[5,5,4,4],"13":[1,1],"14":[1,0],"15":[1,0],"16":[1,1],"17":[1,1],"18":[1,1],"19":[3,4],"20":[7,7,7,6,6,5,5],"21":[2,1],"22":[3,2],"23":[1,1],"24":[1,1],"25":[1,0]},"_coverageSchema":"1a1c01bbd47fc00a2c39e90264f33305004495a9","hash":"7a705dcd8832106b2137ce7d450d736042e7619a"}
,"D:\\MUN\\Semester 03\\My Project\\inventory-system\\routes\\sales.js": {"path":"D:\\MUN\\Semester 03\\My Project\\inventory-system\\routes\\sales.js","statementMap":{"0":{"start":{"line":226,"column":16},"end":{"line":226,"column":34}},"1":{"start":{"line":227,"column":15},"end":{"line":227,"column":31}},"2":{"start":{"line":228,"column":13},"end":{"line":228,"column":38}},"3":{"start":{"line":229,"column":13},"end":{"line":229,"column":38}},"4":{"start":{"line":230,"column":17},"end":{"line":230,"column":46}},"5":{"start":{"line":231,"column":28},"end":{"line":231,"column":57}},"6":{"start":{"line":234,"column":0},"end":{"line":251,"column":3}},"7":{"start":{"line":235,"column":2},"end":{"line":250,"column":3}},"8":{"start":{"line":236,"column":18},"end":{"line":236,"column":58}},"9":{"start":{"line":237,"column":18},"end":{"line":237,"column":77}},"10":{"start":{"line":238,"column":22},"end":{"line":238,"column":85}},"11":{"start":{"line":240,"column":4},"end":{"line":246,"column":7}},"12":{"start":{"line":248,"column":4},"end":{"line":248,"column":52}},"13":{"start":{"line":249,"column":4},"end":{"line":249,"column":31}},"14":{"start":{"line":254,"column":0},"end":{"line":265,"column":3}},"15":{"start":{"line":255,"column":2},"end":{"line":264,"column":3}},"16":{"start":{"line":256,"column":17},"end":{"line":256,"column":51}},"17":{"start":{"line":257,"column":4},"end":{"line":259,"column":5}},"18":{"start":{"line":258,"column":6},"end":{"line":258,"column":63}},"19":{"start":{"line":260,"column":4},"end":{"line":260,"column":19}},"20":{"start":{"line":262,"column":4},"end":{"line":262,"column":47}},"21":{"start":{"line":263,"column":4},"end":{"line":263,"column":68}},"22":{"start":{"line":267,"column":0},"end":{"line":360,"column":3}},"23":{"start":{"line":268,"column":2},"end":{"line":359,"column":3}},"24":{"start":{"line":276,"column":8},"end":{"line":276,"column":16}},"25":{"start":{"line":278,"column":27},"end":{"line":278,"column":45}},"26":{"start":{"line":279,"column":28},"end":{"line":279,"column":49}},"27":{"start":{"line":281,"column":4},"end":{"line":284,"column":5}},"28":{"start":{"line":282,"column":6},"end":{"line":282,"column":52}},"29":{"start":{"line":283,"column":6},"end":{"line":283,"column":36}},"30":{"start":{"line":285,"column":4},"end":{"line":288,"column":5}},"31":{"start":{"line":286,"column":6},"end":{"line":286,"column":45}},"32":{"start":{"line":287,"column":6},"end":{"line":287,"column":36}},"33":{"start":{"line":289,"column":4},"end":{"line":292,"column":5}},"34":{"start":{"line":290,"column":6},"end":{"line":290,"column":47}},"35":{"start":{"line":291,"column":6},"end":{"line":291,"column":36}},"36":{"start":{"line":294,"column":17},"end":{"line":294,"column":51}},"37":{"start":{"line":295,"column":4},"end":{"line":298,"column":5}},"38":{"start":{"line":296,"column":6},"end":{"line":296,"column":69}},"39":{"start":{"line":297,"column":6},"end":{"line":297,"column":36}},"40":{"start":{"line":300,"column":17},"end":{"line":300,"column":60}},"41":{"start":{"line":301,"column":4},"end":{"line":304,"column":5}},"42":{"start":{"line":302,"column":6},"end":{"line":302,"column":47}},"43":{"start":{"line":303,"column":6},"end":{"line":303,"column":36}},"44":{"start":{"line":306,"column":4},"end":{"line":309,"column":5}},"45":{"start":{"line":307,"column":6},"end":{"line":307,"column":77}},"46":{"start":{"line":308,"column":6},"end":{"line":308,"column":36}},"47":{"start":{"line":311,"column":26},"end":{"line":311,"column":27}},"48":{"start":{"line":312,"column":25},"end":{"line":312,"column":40}},"49":{"start":{"line":314,"column":4},"end":{"line":317,"column":5}},"50":{"start":{"line":315,"column":6},"end":{"line":315,"column":50}},"51":{"start":{"line":316,"column":6},"end":{"line":316,"column":69}},"52":{"start":{"line":319,"column":18},"end":{"line":319,"column":49}},"53":{"start":{"line":321,"column":18},"end":{"line":321,"column":45}},"54":{"start":{"line":323,"column":17},"end":{"line":323,"column":65}},"55":{"start":{"line":325,"column":17},"end":{"line":325,"column":18}},"56":{"start":{"line":326,"column":0},"end":{"line":331,"column":1}},"57":{"start":{"line":327,"column":16},"end":{"line":327,"column":50}},"58":{"start":{"line":328,"column":2},"end":{"line":330,"column":3}},"59":{"start":{"line":329,"column":4},"end":{"line":329,"column":44}},"60":{"start":{"line":333,"column":15},"end":{"line":333,"column":62}},"61":{"start":{"line":334,"column":17},"end":{"line":346,"column":6}},"62":{"start":{"line":348,"column":4},"end":{"line":348,"column":22}},"63":{"start":{"line":351,"column":4},"end":{"line":351,"column":33}},"64":{"start":{"line":352,"column":4},"end":{"line":352,"column":22}},"65":{"start":{"line":354,"column":4},"end":{"line":354,"column":66}},"66":{"start":{"line":355,"column":4},"end":{"line":355,"column":27}},"67":{"start":{"line":357,"column":4},"end":{"line":357,"column":48}},"68":{"start":{"line":358,"column":4},"end":{"line":358,"column":27}},"69":{"start":{"line":364,"column":0},"end":{"line":415,"column":3}},"70":{"start":{"line":365,"column":2},"end":{"line":414,"column":3}},"71":{"start":{"line":366,"column":49},"end":{"line":366,"column":57}},"72":{"start":{"line":367,"column":21},"end":{"line":367,"column":46}},"73":{"start":{"line":368,"column":22},"end":{"line":368,"column":48}},"74":{"start":{"line":370,"column":4},"end":{"line":373,"column":5}},"75":{"start":{"line":371,"column":6},"end":{"line":371,"column":78}},"76":{"start":{"line":372,"column":6},"end":{"line":372,"column":36}},"77":{"start":{"line":375,"column":17},"end":{"line":375,"column":51}},"78":{"start":{"line":376,"column":4},"end":{"line":379,"column":5}},"79":{"start":{"line":377,"column":6},"end":{"line":377,"column":43}},"80":{"start":{"line":378,"column":6},"end":{"line":378,"column":36}},"81":{"start":{"line":381,"column":17},"end":{"line":381,"column":68}},"82":{"start":{"line":382,"column":4},"end":{"line":385,"column":5}},"83":{"start":{"line":383,"column":6},"end":{"line":383,"column":43}},"84":{"start":{"line":384,"column":6},"end":{"line":384,"column":36}},"85":{"start":{"line":388,"column":25},"end":{"line":388,"column":49}},"86":{"start":{"line":390,"column":4},"end":{"line":393,"column":5}},"87":{"start":{"line":391,"column":6},"end":{"line":391,"column":77}},"88":{"start":{"line":392,"column":6},"end":{"line":392,"column":36}},"89":{"start":{"line":396,"column":4},"end":{"line":396,"column":31}},"90":{"start":{"line":397,"column":4},"end":{"line":397,"column":22}},"91":{"start":{"line":399,"column":18},"end":{"line":399,"column":38}},"92":{"start":{"line":401,"column":4},"end":{"line":407,"column":7}},"93":{"start":{"line":409,"column":4},"end":{"line":409,"column":54}},"94":{"start":{"line":410,"column":4},"end":{"line":410,"column":27}},"95":{"start":{"line":412,"column":4},"end":{"line":412,"column":48}},"96":{"start":{"line":413,"column":4},"end":{"line":413,"column":27}},"97":{"start":{"line":418,"column":0},"end":{"line":441,"column":3}},"98":{"start":{"line":419,"column":2},"end":{"line":440,"column":3}},"99":{"start":{"line":420,"column":17},"end":{"line":420,"column":51}},"100":{"start":{"line":421,"column":4},"end":{"line":424,"column":5}},"101":{"start":{"line":422,"column":6},"end":{"line":422,"column":43}},"102":{"start":{"line":423,"column":6},"end":{"line":423,"column":36}},"103":{"start":{"line":426,"column":17},"end":{"line":426,"column":68}},"104":{"start":{"line":427,"column":4},"end":{"line":430,"column":5}},"105":{"start":{"line":428,"column":6},"end":{"line":428,"column":34}},"106":{"start":{"line":429,"column":6},"end":{"line":429,"column":24}},"107":{"start":{"line":432,"column":4},"end":{"line":432,"column":48}},"108":{"start":{"line":434,"column":4},"end":{"line":434,"column":70}},"109":{"start":{"line":435,"column":4},"end":{"line":435,"column":27}},"110":{"start":{"line":437,"column":4},"end":{"line":437,"column":47}},"111":{"start":{"line":438,"column":4},"end":{"line":438,"column":48}},"112":{"start":{"line":439,"column":4},"end":{"line":439,"column":27}},"113":{"start":{"line":443,"column":0},"end":{"line":443,"column":24}}},"fnMap":{"0":{"name":"(anonymous_0)","decl":{"start":{"line":234,"column":38},"end":{"line":234,"column":39}},"loc":{"start":{"line":234,"column":58},"end":{"line":251,"column":1}},"line":234},"1":{"name":"(anonymous_1)","decl":{"start":{"line":254,"column":42},"end":{"line":254,"column":43}},"loc":{"start":{"line":254,"column":62},"end":{"line":265,"column":1}},"line":254},"2":{"name":"(anonymous_2)","decl":{"start":{"line":267,"column":39},"end":{"line":267,"column":40}},"loc":{"start":{"line":267,"column":59},"end":{"line":360,"column":1}},"line":267},"3":{"name":"(anonymous_3)","decl":{"start":{"line":364,"column":43},"end":{"line":364,"column":44}},"loc":{"start":{"line":364,"column":63},"end":{"line":415,"column":1}},"line":364},"4":{"name":"(anonymous_4)","decl":{"start":{"line":418,"column":50},"end":{"line":418,"column":51}},"loc":{"start":{"line":418,"column":70},"end":{"line":441,"column":1}},"line":418}},"branchMap":{"0":{"loc":{"start":{"line":257,"column":4},"end":{"line":259,"column":5}},"type":"if","locations":[{"start":{"line":257,"column":4},"end":{"line":259,"column":5}},{"start":{},"end":{}}],"line":257},"1":{"loc":{"start":{"line":281,"column":4},"end":{"line":284,"column":5}},"type":"if","locations":[{"start":{"line":281,"column":4},"end":{"line":284,"column":5}},{"start":{},"end":{}}],"line":281},"2":{"loc":{"start":{"line":281,"column":8},"end":{"line":281,"column":74}},"type":"binary-expr","locations":[{"start":{"line":281,"column":8},"end":{"line":281,"column":19}},{"start":{"line":281,"column":23},"end":{"line":281,"column":34}},{"start":{"line":281,"column":38},"end":{"line":281,"column":47}},{"start":{"line":281,"column":51},"end":{"line":281,"column":60}},{"start":{"line":281,"column":64},"end":{"line":281,"column":74}}],"line":281},"3":{"loc":{"start":{"line":285,"column":4},"end":{"line":288,"column":5}},"type":"if","locations":[{"start":{"line":285,"column":4},"end":{"line":288,"column":5}},{"start":{},"end":{}}],"line":285},"4":{"loc":{"start":{"line":285,"column":8},"end":{"line":285,"column":52}},"type":"binary-expr","locations":[{"start":{"line":285,"column":8},"end":{"line":285,"column":29}},{"start":{"line":285,"column":33},"end":{"line":285,"column":52}}],"line":285},"5":{"loc":{"start":{"line":289,"column":4},"end":{"line":292,"column":5}},"type":"if","locations":[{"start":{"line":289,"column":4},"end":{"line":292,"column":5}},{"start":{},"end":{}}],"line":289},"6":{"loc":{"start":{"line":289,"column":8},"end":{"line":289,"column":54}},"type":"binary-expr","locations":[{"start":{"line":289,"column":8},"end":{"line":289,"column":30}},{"start":{"line":289,"column":34},"end":{"line":289,"column":54}}],"line":289},"7":{"loc":{"start":{"line":295,"column":4},"end":{"line":298,"column":5}},"type":"if","locations":[{"start":{"line":295,"column":4},"end":{"line":298,"column":5}},{"start":{},"end":{}}],"line":295},"8":{"loc":{"start":{"line":301,"column":4},"end":{"line":304,"column":5}},"type":"if","locations":[{"start":{"line":301,"column":4},"end":{"line":304,"column":5}},{"start":{},"end":{}}],"line":301},"9":{"loc":{"start":{"line":306,"column":4},"end":{"line":309,"column":5}},"type":"if","locations":[{"start":{"line":306,"column":4},"end":{"line":309,"column":5}},{"start":{},"end":{}}],"line":306},"10":{"loc":{"start":{"line":314,"column":4},"end":{"line":317,"column":5}},"type":"if","locations":[{"start":{"line":314,"column":4},"end":{"line":317,"column":5}},{"start":{},"end":{}}],"line":314},"11":{"loc":{"start":{"line":315,"column":24},"end":{"line":315,"column":49}},"type":"binary-expr","locations":[{"start":{"line":315,"column":24},"end":{"line":315,"column":44}},{"start":{"line":315,"column":48},"end":{"line":315,"column":49}}],"line":315},"12":{"loc":{"start":{"line":326,"column":0},"end":{"line":331,"column":1}},"type":"if","locations":[{"start":{"line":326,"column":0},"end":{"line":331,"column":1}},{"start":{},"end":{}}],"line":326},"13":{"loc":{"start":{"line":326,"column":4},"end":{"line":326,"column":31}},"type":"binary-expr","locations":[{"start":{"line":326,"column":4},"end":{"line":326,"column":12}},{"start":{"line":326,"column":16},"end":{"line":326,"column":31}}],"line":326},"14":{"loc":{"start":{"line":328,"column":2},"end":{"line":330,"column":3}},"type":"if","locations":[{"start":{"line":328,"column":2},"end":{"line":330,"column":3}},{"start":{},"end":{}}],"line":328},"15":{"loc":{"start":{"line":370,"column":4},"end":{"line":373,"column":5}},"type":"if","locations":[{"start":{"line":370,"column":4},"end":{"line":373,"column":5}},{"start":{},"end":{}}],"line":370},"16":{"loc":{"start":{"line":370,"column":8},"end":{"line":370,"column":39}},"type":"binary-expr","locations":[{"start":{"line":370,"column":8},"end":{"line":370,"column":21}},{"start":{"line":370,"column":25},"end":{"line":370,"column":39}}],"line":370},"17":{"loc":{"start":{"line":376,"column":4},"end":{"line":379,"column":5}},"type":"if","locations":[{"start":{"line":376,"column":4},"end":{"line":379,"column":5}},{"start":{},"end":{}}],"line":376},"18":{"loc":{"start":{"line":382,"column":4},"end":{"line":385,"column":5}},"type":"if","locations":[{"start":{"line":382,"column":4},"end":{"line":385,"column":5}},{"start":{},"end":{}}],"line":382},"19":{"loc":{"start":{"line":390,"column":4},"end":{"line":393,"column":5}},"type":"if","locations":[{"start":{"line":390,"column":4},"end":{"line":393,"column":5}},{"start":{},"end":{}}],"line":390},"20":{"loc":{"start":{"line":390,"column":8},"end":{"line":390,"column":53}},"type":"binary-expr","locations":[{"start":{"line":390,"column":8},"end":{"line":390,"column":24}},{"start":{"line":390,"column":28},"end":{"line":390,"column":53}}],"line":390},"21":{"loc":{"start":{"line":421,"column":4},"end":{"line":424,"column":5}},"type":"if","locations":[{"start":{"line":421,"column":4},"end":{"line":424,"column":5}},{"start":{},"end":{}}],"line":421},"22":{"loc":{"start":{"line":427,"column":4},"end":{"line":430,"column":5}},"type":"if","locations":[{"start":{"line":427,"column":4},"end":{"line":430,"column":5}},{"start":{},"end":{}}],"line":427}},"s":{"0":2,"1":2,"2":2,"3":2,"4":2,"5":2,"6":2,"7":2,"8":2,"9":1,"10":1,"11":1,"12":1,"13":1,"14":2,"15":2,"16":2,"17":2,"18":1,"19":1,"20":0,"21":0,"22":2,"23":4,"24":4,"25":3,"26":3,"27":3,"28":0,"29":0,"30":3,"31":1,"32":1,"33":2,"34":0,"35":0,"36":2,"37":2,"38":0,"39":0,"40":2,"41":2,"42":0,"43":0,"44":2,"45":1,"46":1,"47":1,"48":1,"49":1,"50":0,"51":0,"52":1,"53":1,"54":1,"55":1,"56":1,"57":1,"58":1,"59":1,"60":1,"61":1,"62":1,"63":1,"64":1,"65":1,"66":1,"67":1,"68":1,"69":2,"70":1,"71":1,"72":1,"73":1,"74":1,"75":0,"76":0,"77":1,"78":1,"79":0,"80":0,"81":1,"82":1,"83":0,"84":0,"85":1,"86":1,"87":0,"88":0,"89":1,"90":1,"91":1,"92":1,"93":1,"94":1,"95":0,"96":0,"97":2,"98":1,"99":1,"100":1,"101":0,"102":0,"103":1,"104":1,"105":1,"106":1,"107":1,"108":1,"109":1,"110":0,"111":0,"112":0,"113":2},"f":{"0":2,"1":2,"2":4,"3":1,"4":1},"b":{"0":[1,1],"1":[0,3],"2":[3,3,3,3,3],"3":[1,2],"4":[3,3],"5":[0,2],"6":[2,2],"7":[0,2],"8":[0,2],"9":[1,1],"10":[0,1],"11":[0,0],"12":[1,0],"13":[1,1],"14":[1,0],"15":[0,1],"16":[1,1],"17":[0,1],"18":[0,1],"19":[0,1],"20":[1,1],"21":[0,1],"22":[1,0]},"_coverageSchema":"1a1c01bbd47fc00a2c39e90264f33305004495a9","hash":"164468936ad8dbeb4dd4927bfd70ce286f36728a"}
,"D:\\MUN\\Semester 03\\My Project\\inventory-system\\routes\\vendors.js": {"path":"D:\\MUN\\Semester 03\\My Project\\inventory-system\\routes\\vendors.js","statementMap":{"0":{"start":{"line":1,"column":16},"end":{"line":1,"column":34}},"1":{"start":{"line":2,"column":15},"end":{"line":2,"column":31}},"2":{"start":{"line":3,"column":15},"end":{"line":3,"column":42}},"3":{"start":{"line":4,"column":28},"end":{"line":4,"column":57}},"4":{"start":{"line":32,"column":0},"end":{"line":44,"column":3}},"5":{"start":{"line":33,"column":2},"end":{"line":43,"column":3}},"6":{"start":{"line":34,"column":20},"end":{"line":34,"column":61}},"7":{"start":{"line":35,"column":4},"end":{"line":39,"column":7}},"8":{"start":{"line":41,"column":4},"end":{"line":41,"column":49}},"9":{"start":{"line":42,"column":4},"end":{"line":42,"column":22}},"10":{"start":{"line":73,"column":0},"end":{"line":84,"column":3}},"11":{"start":{"line":74,"column":2},"end":{"line":83,"column":3}},"12":{"start":{"line":75,"column":19},"end":{"line":75,"column":55}},"13":{"start":{"line":76,"column":4},"end":{"line":78,"column":5}},"14":{"start":{"line":77,"column":6},"end":{"line":77,"column":65}},"15":{"start":{"line":79,"column":4},"end":{"line":79,"column":21}},"16":{"start":{"line":81,"column":4},"end":{"line":81,"column":23}},"17":{"start":{"line":82,"column":4},"end":{"line":82,"column":65}},"18":{"start":{"line":136,"column":0},"end":{"line":164,"column":3}},"19":{"start":{"line":137,"column":66},"end":{"line":137,"column":74}},"20":{"start":{"line":138,"column":2},"end":{"line":163,"column":3}},"21":{"start":{"line":139,"column":4},"end":{"line":142,"column":5}},"22":{"start":{"line":140,"column":6},"end":{"line":140,"column":66}},"23":{"start":{"line":141,"column":6},"end":{"line":141,"column":38}},"24":{"start":{"line":144,"column":19},"end":{"line":155,"column":6}},"25":{"start":{"line":157,"column":4},"end":{"line":157,"column":24}},"26":{"start":{"line":158,"column":4},"end":{"line":158,"column":54}},"27":{"start":{"line":159,"column":4},"end":{"line":159,"column":29}},"28":{"start":{"line":161,"column":4},"end":{"line":161,"column":47}},"29":{"start":{"line":162,"column":4},"end":{"line":162,"column":29}},"30":{"start":{"line":220,"column":0},"end":{"line":247,"column":3}},"31":{"start":{"line":221,"column":2},"end":{"line":246,"column":3}},"32":{"start":{"line":222,"column":62},"end":{"line":222,"column":70}},"33":{"start":{"line":223,"column":4},"end":{"line":226,"column":5}},"34":{"start":{"line":224,"column":6},"end":{"line":224,"column":66}},"35":{"start":{"line":225,"column":6},"end":{"line":225,"column":38}},"36":{"start":{"line":228,"column":4},"end":{"line":239,"column":7}},"37":{"start":{"line":241,"column":4},"end":{"line":241,"column":56}},"38":{"start":{"line":242,"column":4},"end":{"line":242,"column":29}},"39":{"start":{"line":244,"column":4},"end":{"line":244,"column":50}},"40":{"start":{"line":245,"column":4},"end":{"line":245,"column":29}},"41":{"start":{"line":273,"column":0},"end":{"line":282,"column":3}},"42":{"start":{"line":274,"column":2},"end":{"line":281,"column":3}},"43":{"start":{"line":275,"column":4},"end":{"line":275,"column":50}},"44":{"start":{"line":276,"column":4},"end":{"line":276,"column":56}},"45":{"start":{"line":277,"column":4},"end":{"line":277,"column":29}},"46":{"start":{"line":279,"column":4},"end":{"line":279,"column":50}},"47":{"start":{"line":280,"column":4},"end":{"line":280,"column":29}},"48":{"start":{"line":331,"column":0},"end":{"line":331,"column":24}}},"fnMap":{"0":{"name":"(anonymous_0)","decl":{"start":{"line":32,"column":40},"end":{"line":32,"column":41}},"loc":{"start":{"line":32,"column":60},"end":{"line":44,"column":1}},"line":32},"1":{"name":"(anonymous_1)","decl":{"start":{"line":73,"column":44},"end":{"line":73,"column":45}},"loc":{"start":{"line":73,"column":64},"end":{"line":84,"column":1}},"line":73},"2":{"name":"(anonymous_2)","decl":{"start":{"line":136,"column":24},"end":{"line":136,"column":25}},"loc":{"start":{"line":136,"column":44},"end":{"line":164,"column":1}},"line":136},"3":{"name":"(anonymous_3)","decl":{"start":{"line":220,"column":45},"end":{"line":220,"column":46}},"loc":{"start":{"line":220,"column":65},"end":{"line":247,"column":1}},"line":220},"4":{"name":"(anonymous_4)","decl":{"start":{"line":273,"column":52},"end":{"line":273,"column":53}},"loc":{"start":{"line":273,"column":72},"end":{"line":282,"column":1}},"line":273}},"branchMap":{"0":{"loc":{"start":{"line":76,"column":4},"end":{"line":78,"column":5}},"type":"if","locations":[{"start":{"line":76,"column":4},"end":{"line":78,"column":5}},{"start":{},"end":{}}],"line":76},"1":{"loc":{"start":{"line":139,"column":4},"end":{"line":142,"column":5}},"type":"if","locations":[{"start":{"line":139,"column":4},"end":{"line":142,"column":5}},{"start":{},"end":{}}],"line":139},"2":{"loc":{"start":{"line":139,"column":8},"end":{"line":139,"column":45}},"type":"binary-expr","locations":[{"start":{"line":139,"column":8},"end":{"line":139,"column":17}},{"start":{"line":139,"column":21},"end":{"line":139,"column":33}},{"start":{"line":139,"column":37},"end":{"line":139,"column":45}}],"line":139},"3":{"loc":{"start":{"line":146,"column":14},"end":{"line":146,"column":32}},"type":"binary-expr","locations":[{"start":{"line":146,"column":14},"end":{"line":146,"column":20}},{"start":{"line":146,"column":24},"end":{"line":146,"column":32}}],"line":146},"4":{"loc":{"start":{"line":149,"column":14},"end":{"line":149,"column":35}},"type":"binary-expr","locations":[{"start":{"line":149,"column":14},"end":{"line":149,"column":29}},{"start":{"line":149,"column":33},"end":{"line":149,"column":35}}],"line":149},"5":{"loc":{"start":{"line":151,"column":16},"end":{"line":151,"column":39}},"type":"binary-expr","locations":[{"start":{"line":151,"column":16},"end":{"line":151,"column":33}},{"start":{"line":151,"column":37},"end":{"line":151,"column":39}}],"line":151},"6":{"loc":{"start":{"line":153,"column":16},"end":{"line":153,"column":39}},"type":"binary-expr","locations":[{"start":{"line":153,"column":16},"end":{"line":153,"column":33}},{"start":{"line":153,"column":37},"end":{"line":153,"column":39}}],"line":153},"7":{"loc":{"start":{"line":154,"column":17},"end":{"line":154,"column":62}},"type":"cond-expr","locations":[{"start":{"line":154,"column":36},"end":{"line":154,"column":55}},{"start":{"line":154,"column":58},"end":{"line":154,"column":62}}],"line":154},"8":{"loc":{"start":{"line":223,"column":4},"end":{"line":226,"column":5}},"type":"if","locations":[{"start":{"line":223,"column":4},"end":{"line":226,"column":5}},{"start":{},"end":{}}],"line":223},"9":{"loc":{"start":{"line":223,"column":8},"end":{"line":223,"column":45}},"type":"binary-expr","locations":[{"start":{"line":223,"column":8},"end":{"line":223,"column":17}},{"start":{"line":223,"column":21},"end":{"line":223,"column":33}},{"start":{"line":223,"column":37},"end":{"line":223,"column":45}}],"line":223},"10":{"loc":{"start":{"line":233,"column":14},"end":{"line":233,"column":35}},"type":"binary-expr","locations":[{"start":{"line":233,"column":14},"end":{"line":233,"column":29}},{"start":{"line":233,"column":33},"end":{"line":233,"column":35}}],"line":233},"11":{"loc":{"start":{"line":235,"column":16},"end":{"line":235,"column":39}},"type":"binary-expr","locations":[{"start":{"line":235,"column":16},"end":{"line":235,"column":33}},{"start":{"line":235,"column":37},"end":{"line":235,"column":39}}],"line":235},"12":{"loc":{"start":{"line":236,"column":12},"end":{"line":236,"column":31}},"type":"binary-expr","locations":[{"start":{"line":236,"column":12},"end":{"line":236,"column":25}},{"start":{"line":236,"column":29},"end":{"line":236,"column":31}}],"line":236},"13":{"loc":{"start":{"line":237,"column":16},"end":{"line":237,"column":39}},"type":"binary-expr","locations":[{"start":{"line":237,"column":16},"end":{"line":237,"column":33}},{"start":{"line":237,"column":37},"end":{"line":237,"column":39}}],"line":237}},"s":{"0":2,"1":2,"2":2,"3":2,"4":2,"5":1,"6":1,"7":0,"8":1,"9":1,"10":2,"11":2,"12":2,"13":2,"14":1,"15":1,"16":0,"17":0,"18":2,"19":1,"20":1,"21":1,"22":1,"23":1,"24":0,"25":0,"26":0,"27":0,"28":0,"29":0,"30":2,"31":2,"32":2,"33":2,"34":1,"35":1,"36":1,"37":1,"38":1,"39":0,"40":0,"41":2,"42":1,"43":1,"44":1,"45":1,"46":0,"47":0,"48":2},"f":{"0":1,"1":2,"2":1,"3":2,"4":1},"b":{"0":[1,1],"1":[1,0],"2":[1,0,0],"3":[0,0],"4":[0,0],"5":[0,0],"6":[0,0],"7":[0,0],"8":[1,1],"9":[2,1,1],"10":[1,1],"11":[1,1],"12":[1,1],"13":[1,1]},"_coverageSchema":"1a1c01bbd47fc00a2c39e90264f33305004495a9","hash":"a0d5d53df4636c5799f435d3190e4bb82651a9c1"}
}
