TN:
SF:middleware\auth.js
FN:2,(anonymous_0)
FNF:1
FNH:0
FNDA:0,(anonymous_0)
DA:1,1
DA:3,0
DA:4,0
DA:5,0
DA:6,0
LF:5
LH:1
BRDA:3,0,0,0
BRDA:3,0,1,0
BRF:2
BRH:0
end_of_record
TN:
SF:models\Customer.js
FNF:0
FNH:0
DA:1,1
DA:3,1
DA:20,1
LF:3
LH:3
BRF:0
BRH:0
end_of_record
TN:
SF:models\Item.js
FNF:0
FNH:0
DA:1,1
DA:3,1
DA:34,1
LF:3
LH:3
BRF:0
BRH:0
end_of_record
TN:
SF:models\Purchase.js
FNF:0
FNH:0
DA:1,1
DA:3,1
DA:44,1
LF:3
LH:3
BRF:0
BRH:0
end_of_record
TN:
SF:models\Sale.js
FNF:0
FNH:0
DA:1,1
DA:3,1
DA:46,1
LF:3
LH:3
BRF:0
BRH:0
end_of_record
TN:
SF:models\User.js
FN:16,(anonymous_0)
FNF:1
FNH:0
FNDA:0,(anonymous_0)
DA:1,2
DA:2,2
DA:4,2
DA:16,2
DA:17,0
DA:18,0
DA:20,0
DA:23,2
LF:8
LH:5
BRDA:17,0,0,0
BRDA:17,0,1,0
BRF:2
BRH:0
end_of_record
TN:
SF:models\Vendor.js
FNF:0
FNH:0
DA:1,1
DA:3,1
DA:28,1
LF:3
LH:3
BRF:0
BRH:0
end_of_record
TN:
SF:models\sequence.js
FNF:0
FNH:0
DA:1,1
DA:3,1
DA:8,1
LF:3
LH:3
BRF:0
BRH:0
end_of_record
TN:
SF:routes\auth.js
FN:8,(anonymous_0)
FN:17,(anonymous_1)
FN:52,(anonymous_2)
FN:70,(anonymous_3)
FN:90,(anonymous_4)
FN:143,(anonymous_5)
FN:161,(anonymous_6)
FN:162,(anonymous_7)
FNF:8
FNH:6
FNDA:0,(anonymous_0)
FNDA:5,(anonymous_1)
FNDA:2,(anonymous_2)
FNDA:0,(anonymous_3)
FNDA:5,(anonymous_4)
FNDA:1,(anonymous_5)
FNDA:2,(anonymous_6)
FNDA:2,(anonymous_7)
DA:1,2
DA:2,2
DA:3,2
DA:4,2
DA:5,2
DA:8,2
DA:9,0
DA:17,2
DA:18,5
DA:19,5
DA:20,5
DA:21,5
DA:23,5
DA:24,1
DA:25,1
DA:28,4
DA:32,4
DA:33,1
DA:34,1
DA:37,3
DA:39,3
DA:40,1
DA:41,1
DA:45,2
DA:52,2
DA:53,2
DA:54,0
DA:55,0
DA:56,0
DA:58,2
DA:59,2
DA:63,0
DA:64,0
DA:65,0
DA:70,2
DA:71,0
DA:72,0
DA:74,0
DA:75,0
DA:77,0
DA:78,0
DA:80,0
DA:85,0
DA:86,0
DA:90,2
DA:91,5
DA:93,5
DA:94,5
DA:95,5
DA:96,5
DA:98,5
DA:99,1
DA:100,1
DA:103,4
DA:104,1
DA:105,1
DA:110,3
DA:112,3
DA:113,1
DA:114,1
DA:117,2
DA:121,2
DA:122,1
DA:123,1
DA:127,1
DA:128,1
DA:130,1
DA:135,1
DA:137,1
DA:143,1
DA:144,1
DA:145,0
DA:146,0
DA:147,0
DA:149,1
DA:150,1
DA:154,0
DA:155,0
DA:156,0
DA:161,2
DA:162,2
DA:163,2
DA:164,1
DA:166,1
DA:167,1
DA:171,2
LF:86
LH:64
BRDA:10,0,0,0
BRDA:10,0,1,0
BRDA:11,1,0,0
BRDA:11,1,1,0
BRDA:23,2,0,1
BRDA:23,2,1,4
BRDA:23,3,0,5
BRDA:23,3,1,4
BRDA:32,4,0,1
BRDA:32,4,1,3
BRDA:39,5,0,1
BRDA:39,5,1,2
BRDA:48,6,0,2
BRDA:48,6,1,0
BRDA:53,7,0,0
BRDA:53,7,1,2
BRDA:74,8,0,0
BRDA:74,8,1,0
BRDA:98,9,0,1
BRDA:98,9,1,4
BRDA:98,10,0,5
BRDA:98,10,1,4
BRDA:98,10,2,4
BRDA:103,11,0,1
BRDA:103,11,1,3
BRDA:112,12,0,1
BRDA:112,12,1,2
BRDA:121,13,0,1
BRDA:121,13,1,1
BRDA:144,14,0,0
BRDA:144,14,1,1
BRDA:163,15,0,1
BRDA:163,15,1,1
BRF:33
BRH:24
end_of_record
TN:
SF:routes\items.js
FN:10,(anonymous_0)
FN:44,(anonymous_1)
FN:58,(anonymous_2)
FN:80,(anonymous_3)
FN:120,(anonymous_4)
FN:164,(anonymous_5)
FN:184,(anonymous_6)
FNF:7
FNH:6
FNDA:2,(anonymous_0)
FNDA:3,(anonymous_1)
FNDA:4,(anonymous_2)
FNDA:7,(anonymous_3)
FNDA:2,(anonymous_4)
FNDA:0,(anonymous_5)
FNDA:3,(anonymous_6)
DA:1,2
DA:2,2
DA:3,2
DA:4,2
DA:5,2
DA:7,2
DA:10,2
DA:11,2
DA:12,2
DA:13,2
DA:15,2
DA:16,1
DA:19,2
DA:20,1
DA:27,2
DA:29,1
DA:39,1
DA:44,2
DA:45,3
DA:46,3
DA:47,2
DA:48,1
DA:50,1
DA:52,1
DA:58,2
DA:59,4
DA:60,4
DA:61,4
DA:62,1
DA:66,3
DA:67,3
DA:68,3
DA:70,3
DA:72,2
DA:74,1
DA:80,2
DA:81,7
DA:82,7
DA:84,5
DA:85,1
DA:88,4
DA:89,4
DA:90,1
DA:93,3
DA:94,1
DA:97,2
DA:98,1
DA:101,1
DA:112,1
DA:113,1
DA:115,2
DA:120,2
DA:121,2
DA:122,2
DA:125,1
DA:126,0
DA:129,1
DA:130,0
DA:133,1
DA:134,0
DA:137,1
DA:150,1
DA:153,1
DA:154,0
DA:157,1
DA:159,1
DA:164,2
DA:165,0
DA:166,0
DA:167,0
DA:168,0
DA:171,0
DA:172,0
DA:173,0
DA:174,0
DA:176,0
DA:178,0
DA:179,0
DA:184,2
DA:185,3
DA:186,3
DA:187,2
DA:188,1
DA:191,1
DA:193,1
DA:197,2
LF:86
LH:71
BRDA:15,0,0,1
BRDA:15,0,1,1
BRDA:15,1,0,2
BRDA:15,1,1,1
BRDA:19,2,0,1
BRDA:19,2,1,1
BRDA:32,3,0,1
BRDA:32,3,1,0
BRDA:33,4,0,1
BRDA:33,4,1,0
BRDA:34,5,0,1
BRDA:34,5,1,1
BRDA:35,6,0,1
BRDA:35,6,1,1
BRDA:47,7,0,1
BRDA:47,7,1,1
BRDA:61,8,0,1
BRDA:61,8,1,3
BRDA:66,9,0,3
BRDA:66,9,1,0
BRDA:84,10,0,1
BRDA:84,10,1,4
BRDA:84,11,0,5
BRDA:84,11,1,4
BRDA:84,11,2,4
BRDA:89,12,0,1
BRDA:89,12,1,3
BRDA:93,13,0,1
BRDA:93,13,1,2
BRDA:93,14,0,3
BRDA:93,14,1,3
BRDA:93,14,2,3
BRDA:97,15,0,1
BRDA:97,15,1,1
BRDA:105,16,0,1
BRDA:105,16,1,0
BRDA:106,17,0,1
BRDA:106,17,1,0
BRDA:108,18,0,1
BRDA:108,18,1,0
BRDA:125,19,0,0
BRDA:125,19,1,1
BRDA:125,20,0,1
BRDA:125,20,1,1
BRDA:125,20,2,1
BRDA:129,21,0,0
BRDA:129,21,1,1
BRDA:129,22,0,1
BRDA:129,22,1,1
BRDA:129,22,2,1
BRDA:133,23,0,0
BRDA:133,23,1,1
BRDA:141,24,0,1
BRDA:141,24,1,0
BRDA:142,25,0,1
BRDA:142,25,1,0
BRDA:144,26,0,1
BRDA:144,26,1,0
BRDA:153,27,0,0
BRDA:153,27,1,1
BRDA:167,28,0,0
BRDA:167,28,1,0
BRDA:171,29,0,0
BRDA:171,29,1,0
BRDA:187,30,0,1
BRDA:187,30,1,1
BRF:66
BRH:49
end_of_record
TN:
SF:routes\purchases.js
FN:282,getNextPurchaseId
FN:292,(anonymous_1)
FN:335,(anonymous_2)
FN:364,(anonymous_3)
FN:411,(anonymous_4)
FN:441,(anonymous_5)
FN:501,(anonymous_6)
FNF:7
FNH:7
FNDA:1,getNextPurchaseId
FNDA:1,(anonymous_1)
FNDA:1,(anonymous_2)
FNDA:5,(anonymous_3)
FNDA:2,(anonymous_4)
FNDA:7,(anonymous_5)
FNDA:3,(anonymous_6)
DA:272,2
DA:273,2
DA:274,2
DA:275,2
DA:276,2
DA:277,2
DA:278,2
DA:283,1
DA:288,1
DA:292,2
DA:293,1
DA:294,1
DA:295,1
DA:297,1
DA:298,0
DA:304,1
DA:305,0
DA:308,1
DA:312,0
DA:313,0
DA:315,0
DA:328,1
DA:329,1
DA:335,2
DA:336,1
DA:337,1
DA:338,1
DA:339,1
DA:340,1
DA:343,0
DA:344,0
DA:346,0
DA:356,0
DA:357,0
DA:358,0
DA:364,2
DA:365,5
DA:366,5
DA:367,5
DA:368,5
DA:370,5
DA:371,2
DA:372,2
DA:375,3
DA:376,2
DA:377,1
DA:378,1
DA:382,1
DA:383,1
DA:384,1
DA:385,1
DA:389,1
DA:390,1
DA:391,1
DA:395,1
DA:396,1
DA:397,1
DA:399,1
DA:401,1
DA:402,1
DA:404,1
DA:405,1
DA:411,2
DA:412,2
DA:413,2
DA:416,2
DA:417,2
DA:418,1
DA:419,1
DA:423,1
DA:425,1
DA:434,0
DA:435,0
DA:436,0
DA:441,2
DA:442,7
DA:444,7
DA:447,7
DA:448,7
DA:449,7
DA:454,3
DA:455,3
DA:459,4
DA:460,3
DA:462,3
DA:463,2
DA:464,2
DA:468,1
DA:470,1
DA:472,1
DA:485,1
DA:488,1
DA:489,1
DA:491,1
DA:492,1
DA:494,1
DA:495,1
DA:501,2
DA:502,3
DA:504,3
DA:505,3
DA:507,2
DA:508,1
DA:509,1
DA:512,1
DA:513,1
DA:514,1
DA:515,1
DA:518,1
DA:520,1
DA:521,1
DA:523,1
DA:524,1
DA:528,2
LF:114
LH:100
BRDA:297,0,0,0
BRDA:297,0,1,1
BRDA:297,1,0,1
BRDA:297,1,1,0
BRDA:304,2,0,0
BRDA:304,2,1,1
BRDA:320,3,0,0
BRDA:320,3,1,0
BRDA:321,4,0,0
BRDA:321,4,1,0
BRDA:322,5,0,0
BRDA:322,5,1,0
BRDA:324,6,0,0
BRDA:324,6,1,0
BRDA:325,7,0,0
BRDA:325,7,1,0
BRDA:338,8,0,1
BRDA:338,8,1,0
BRDA:352,9,0,0
BRDA:352,9,1,0
BRDA:353,10,0,0
BRDA:353,10,1,0
BRDA:370,11,0,2
BRDA:370,11,1,3
BRDA:370,12,0,5
BRDA:370,12,1,5
BRDA:370,12,2,4
BRDA:370,12,3,4
BRDA:376,13,0,1
BRDA:376,13,1,1
BRDA:383,14,0,1
BRDA:383,14,1,0
BRDA:389,15,0,1
BRDA:389,15,1,0
BRDA:417,16,0,1
BRDA:417,16,1,1
BRDA:430,17,0,1
BRDA:430,17,1,1
BRDA:431,18,0,1
BRDA:431,18,1,1
BRDA:449,19,0,3
BRDA:449,19,1,4
BRDA:450,20,0,7
BRDA:450,20,1,7
BRDA:450,20,2,7
BRDA:450,20,3,6
BRDA:450,20,4,6
BRDA:450,20,5,5
BRDA:450,20,6,5
BRDA:462,21,0,2
BRDA:462,21,1,1
BRDA:462,22,0,3
BRDA:462,22,1,2
BRDA:463,23,0,1
BRDA:463,23,1,1
BRDA:507,24,0,1
BRDA:507,24,1,1
BRDA:513,25,0,1
BRDA:513,25,1,0
BRF:59
BRH:38
end_of_record
TN:
SF:routes\sales.js
FN:234,(anonymous_0)
FN:254,(anonymous_1)
FN:267,(anonymous_2)
FN:364,(anonymous_3)
FN:418,(anonymous_4)
FNF:5
FNH:5
FNDA:2,(anonymous_0)
FNDA:2,(anonymous_1)
FNDA:4,(anonymous_2)
FNDA:1,(anonymous_3)
FNDA:1,(anonymous_4)
DA:226,2
DA:227,2
DA:228,2
DA:229,2
DA:230,2
DA:231,2
DA:234,2
DA:235,2
DA:236,2
DA:237,1
DA:238,1
DA:240,1
DA:248,1
DA:249,1
DA:254,2
DA:255,2
DA:256,2
DA:257,2
DA:258,1
DA:260,1
DA:262,0
DA:263,0
DA:267,2
DA:268,4
DA:276,4
DA:278,3
DA:279,3
DA:281,3
DA:282,0
DA:283,0
DA:285,3
DA:286,1
DA:287,1
DA:289,2
DA:290,0
DA:291,0
DA:294,2
DA:295,2
DA:296,0
DA:297,0
DA:300,2
DA:301,2
DA:302,0
DA:303,0
DA:306,2
DA:307,1
DA:308,1
DA:311,1
DA:312,1
DA:314,1
DA:315,0
DA:316,0
DA:319,1
DA:321,1
DA:323,1
DA:325,1
DA:326,1
DA:327,1
DA:328,1
DA:329,1
DA:333,1
DA:334,1
DA:348,1
DA:351,1
DA:352,1
DA:354,1
DA:355,1
DA:357,1
DA:358,1
DA:364,2
DA:365,1
DA:366,1
DA:367,1
DA:368,1
DA:370,1
DA:371,0
DA:372,0
DA:375,1
DA:376,1
DA:377,0
DA:378,0
DA:381,1
DA:382,1
DA:383,0
DA:384,0
DA:388,1
DA:390,1
DA:391,0
DA:392,0
DA:396,1
DA:397,1
DA:399,1
DA:401,1
DA:409,1
DA:410,1
DA:412,0
DA:413,0
DA:418,2
DA:419,1
DA:420,1
DA:421,1
DA:422,0
DA:423,0
DA:426,1
DA:427,1
DA:428,1
DA:429,1
DA:432,1
DA:434,1
DA:435,1
DA:437,0
DA:438,0
DA:439,0
DA:443,2
LF:114
LH:87
BRDA:257,0,0,1
BRDA:257,0,1,1
BRDA:281,1,0,0
BRDA:281,1,1,3
BRDA:281,2,0,3
BRDA:281,2,1,3
BRDA:281,2,2,3
BRDA:281,2,3,3
BRDA:281,2,4,3
BRDA:285,3,0,1
BRDA:285,3,1,2
BRDA:285,4,0,3
BRDA:285,4,1,3
BRDA:289,5,0,0
BRDA:289,5,1,2
BRDA:289,6,0,2
BRDA:289,6,1,2
BRDA:295,7,0,0
BRDA:295,7,1,2
BRDA:301,8,0,0
BRDA:301,8,1,2
BRDA:306,9,0,1
BRDA:306,9,1,1
BRDA:314,10,0,0
BRDA:314,10,1,1
BRDA:315,11,0,0
BRDA:315,11,1,0
BRDA:326,12,0,1
BRDA:326,12,1,0
BRDA:326,13,0,1
BRDA:326,13,1,1
BRDA:328,14,0,1
BRDA:328,14,1,0
BRDA:370,15,0,0
BRDA:370,15,1,1
BRDA:370,16,0,1
BRDA:370,16,1,1
BRDA:376,17,0,0
BRDA:376,17,1,1
BRDA:382,18,0,0
BRDA:382,18,1,1
BRDA:390,19,0,0
BRDA:390,19,1,1
BRDA:390,20,0,1
BRDA:390,20,1,1
BRDA:421,21,0,0
BRDA:421,21,1,1
BRDA:427,22,0,1
BRDA:427,22,1,0
BRF:49
BRH:34
end_of_record
TN:
SF:routes\vendors.js
FN:32,(anonymous_0)
FN:73,(anonymous_1)
FN:136,(anonymous_2)
FN:220,(anonymous_3)
FN:273,(anonymous_4)
FNF:5
FNH:5
FNDA:1,(anonymous_0)
FNDA:2,(anonymous_1)
FNDA:1,(anonymous_2)
FNDA:2,(anonymous_3)
FNDA:1,(anonymous_4)
DA:1,2
DA:2,2
DA:3,2
DA:4,2
DA:32,2
DA:33,1
DA:34,1
DA:35,0
DA:41,1
DA:42,1
DA:73,2
DA:74,2
DA:75,2
DA:76,2
DA:77,1
DA:79,1
DA:81,0
DA:82,0
DA:136,2
DA:137,1
DA:138,1
DA:139,1
DA:140,1
DA:141,1
DA:144,0
DA:157,0
DA:158,0
DA:159,0
DA:161,0
DA:162,0
DA:220,2
DA:221,2
DA:222,2
DA:223,2
DA:224,1
DA:225,1
DA:228,1
DA:241,1
DA:242,1
DA:244,0
DA:245,0
DA:273,2
DA:274,1
DA:275,1
DA:276,1
DA:277,1
DA:279,0
DA:280,0
DA:331,2
LF:49
LH:36
BRDA:76,0,0,1
BRDA:76,0,1,1
BRDA:139,1,0,1
BRDA:139,1,1,0
BRDA:139,2,0,1
BRDA:139,2,1,0
BRDA:139,2,2,0
BRDA:146,3,0,0
BRDA:146,3,1,0
BRDA:149,4,0,0
BRDA:149,4,1,0
BRDA:151,5,0,0
BRDA:151,5,1,0
BRDA:153,6,0,0
BRDA:153,6,1,0
BRDA:154,7,0,0
BRDA:154,7,1,0
BRDA:223,8,0,1
BRDA:223,8,1,1
BRDA:223,9,0,2
BRDA:223,9,1,1
BRDA:223,9,2,1
BRDA:233,10,0,1
BRDA:233,10,1,1
BRDA:235,11,0,1
BRDA:235,11,1,1
BRDA:236,12,0,1
BRDA:236,12,1,1
BRDA:237,13,0,1
BRDA:237,13,1,1
BRF:30
BRH:17
end_of_record
